<!DOCTYPE html PUBLIC "-//W3C//DTD XHTML 1.1//EN" "https://www.w3.org/TR/xhtml11/DTD/xhtml11.dtd">
<html xmlns="https://www.w3.org/1999/xhtml">
<head>
<meta http-equiv="content-type" content="text/html; charset=UTF-8"/>
<title>TestNG Report</title>
<style type="text/css">table {margin-bottom:10px;border-collapse:collapse;empty-cells:show}th,td {border:1px solid #009;padding:.25em .5em}th {vertical-align:bottom}td {vertical-align:top}table a {font-weight:bold}.stripe td {background-color: #E6EBF9}.num {text-align:right}.passedodd td {background-color: #3F3}.passedeven td {background-color: #0A0}.skippedodd td {background-color: #DDD}.skippedeven td {background-color: #CCC}.failedodd td,.attn {background-color: #F33}.failedeven td,.stripe .attn {background-color: #D00}.stacktrace {white-space:pre;font-family:monospace}.totop {font-size:85%;text-align:center;border-bottom:2px solid #000}.invisible {display:none}</style>
</head>
<body>
<table>
<tr><th>Test</th><th># Passed</th><th># Skipped</th><th># Retried</th><th># Failed</th><th>Time (ms)</th><th>Included Groups</th><th>Excluded Groups</th></tr>
<tr><th colspan="8">Facebook Application Test Automation Test Suite</th></tr>
<tr><td><a href="#t0">Facebook App Test Cases</a></td><td class="num">21</td><td class="num">0</td><td class="num">0</td><td class="num attn">2</td><td class="num">214,746</td><td></td><td></td></tr>
</table>
<table id='summary'><thead><tr><th>Class</th><th>Method</th><th>Start</th><th>Time (ms)</th></tr></thead><tbody><tr><th colspan="4">Facebook Application Test Automation Test Suite</th></tr></tbody><tbody id="t0"><tr><th colspan="4">Facebook App Test Cases &#8212; failed</th></tr><tr class="failedeven"><td rowspan="1">com.testcase.HomePageTest</td><td><a href="#m0">verifyClickOnLogout</a></td><td rowspan="1">1658476186212</td><td rowspan="1">25916</td></tr><tr class="failedodd"><td rowspan="1">com.testcase.ProfilePageTest</td><td><a href="#m1">click_uploadPhoto</a></td><td rowspan="1">1658476230255</td><td rowspan="1">29831</td></tr><tr><th colspan="4">Facebook App Test Cases &#8212; passed</th></tr><tr class="passedeven"><td rowspan="7">com.testcase.FindFriendsTest</td><td><a href="#m2">add_friend</a></td><td rowspan="1">1658476312624</td><td rowspan="1">4849</td></tr><tr class="passedeven"><td><a href="#m3">confirm_friend</a></td><td rowspan="1">1658476322987</td><td rowspan="1">5687</td></tr><tr class="passedeven"><td><a href="#m4">verifyBirthdaysLink</a></td><td rowspan="1">1658476295386</td><td rowspan="1">1615</td></tr><tr class="passedeven"><td><a href="#m5">verifyCustomsLink</a></td><td rowspan="1">1658476304075</td><td rowspan="1">1193</td></tr><tr class="passedeven"><td><a href="#m6">verifyFindFriendsTitleTest</a></td><td rowspan="1">1658476267616</td><td rowspan="1">82</td></tr><tr class="passedeven"><td><a href="#m7">verifyFriendRequestLink</a></td><td rowspan="1">1658476276483</td><td rowspan="1">353</td></tr><tr class="passedeven"><td><a href="#m8">verifySuggestionsLink</a></td><td rowspan="1">1658476285297</td><td rowspan="1">1649</td></tr><tr class="passedodd"><td rowspan="4">com.testcase.HomePageTest</td><td><a href="#m9">HomePageTitleTest</a></td><td rowspan="1">1658476146484</td><td rowspan="1">8574</td></tr><tr class="passedodd"><td><a href="#m10">verifyClickOnFriends</a></td><td rowspan="1">1658476165180</td><td rowspan="1">7358</td></tr><tr class="passedodd"><td><a href="#m11">verifyHomePage</a></td><td rowspan="1">1658476175071</td><td rowspan="1">8402</td></tr><tr class="passedodd"><td><a href="#m12">verifyUserNameTest</a></td><td rowspan="1">1658476157186</td><td rowspan="1">5057</td></tr><tr class="passedeven"><td rowspan="6">com.testcase.LoginPageTest</td><td><a href="#m13">faceBookLogoImageTest</a></td><td rowspan="1">1658476142306</td><td rowspan="1">45</td></tr><tr class="passedeven"><td><a href="#m14">loginPageTitleTest</a></td><td rowspan="1">1658476140453</td><td rowspan="1">9</td></tr><tr class="passedeven"><td><a href="#m15">loginTest</a></td><td rowspan="1">1658476144218</td><td rowspan="1">178</td></tr><tr class="passedeven"><td><a href="#m16">multipleLoginTest</a></td><td rowspan="3">1658476124064</td><td rowspan="3">3233</td></tr><tr class="passedeven"><td><a href="#m17">multipleLoginTest</a></td></tr><tr class="passedeven"><td><a href="#m18">multipleLoginTest</a></td></tr><tr class="passedodd"><td rowspan="2">com.testcase.ProfilePageTest</td><td><a href="#m19">click_profilePage</a></td><td rowspan="1">1658476214322</td><td rowspan="1">5450</td></tr><tr class="passedodd"><td><a href="#m20">verifyProfile</a></td><td rowspan="1">1658476222708</td><td rowspan="1">5352</td></tr><tr class="passedeven"><td rowspan="2">com.testcase.SignUpPageTest</td><td><a href="#m21">SignUpTest</a></td><td rowspan="1">1658476333411</td><td rowspan="1">1748</td></tr><tr class="passedeven"><td><a href="#m22">signUpPageTitleTest</a></td><td rowspan="1">1658476330682</td><td rowspan="1">7</td></tr></tbody>
</table>
<h2>Facebook App Test Cases</h2><h3 id="m0">com.testcase.HomePageTest#verifyClickOnLogout</h3><table class="result"><tr><th>Exception</th></tr><tr><td><div class="stacktrace">org.openqa.selenium.NoSuchElementException: no such element: Unable to locate element: {&quot;method&quot;:&quot;xpath&quot;,&quot;selector&quot;:&quot;//span[contains(text(),&apos;Log Out&apos;)]&quot;}
  (Session info: chrome=103.0.5060.114)
For documentation on this error, please visit: https://selenium.dev/exceptions/#no_such_element
Build info: version: &apos;4.1.4&apos;, revision: &apos;535d840ee2&apos;
System info: host: &apos;AVIJEET-DESKTOP&apos;, ip: &apos;192.168.1.102&apos;, os.name: &apos;Windows 10&apos;, os.arch: &apos;amd64&apos;, os.version: &apos;10.0&apos;, java.version: &apos;17.0.1&apos;
Driver info: org.openqa.selenium.chrome.ChromeDriver
Command: [588b1fb91231ac818499d3d66f4bd937, findElement {using=xpath, value=//span[contains(text(),&apos;Log Out&apos;)]}]
Capabilities {acceptInsecureCerts: false, browserName: chrome, browserVersion: 103.0.5060.114, chrome: {chromedriverVersion: 103.0.5060.53 (a1711811edd7..., userDataDir: C:\Users\avije\AppData\Loca...}, goog:chromeOptions: {debuggerAddress: localhost:63696}, javascriptEnabled: true, networkConnectionEnabled: false, pageLoadStrategy: normal, platform: WINDOWS, platformName: WINDOWS, proxy: Proxy(), se:cdp: ws://localhost:63696/devtoo..., se:cdpVersion: 103.0.5060.114, setWindowRect: true, strictFileInteractability: false, timeouts: {implicit: 0, pageLoad: 300000, script: 30000}, unhandledPromptBehavior: dismiss and notify, webauthn:extension:credBlob: true, webauthn:extension:largeBlob: true, webauthn:virtualAuthenticators: true}
Session ID: 588b1fb91231ac818499d3d66f4bd937
	at org.openqa.selenium.remote.codec.w3c.W3CHttpResponseCodec.createException(W3CHttpResponseCodec.java:200)
	at org.openqa.selenium.remote.codec.w3c.W3CHttpResponseCodec.decode(W3CHttpResponseCodec.java:133)
	at org.openqa.selenium.remote.codec.w3c.W3CHttpResponseCodec.decode(W3CHttpResponseCodec.java:53)
	at org.openqa.selenium.remote.HttpCommandExecutor.execute(HttpCommandExecutor.java:184)
	at org.openqa.selenium.remote.service.DriverCommandExecutor.invokeExecute(DriverCommandExecutor.java:167)
	at org.openqa.selenium.remote.service.DriverCommandExecutor.execute(DriverCommandExecutor.java:142)
	at org.openqa.selenium.remote.RemoteWebDriver.execute(RemoteWebDriver.java:567)
	at org.openqa.selenium.remote.ElementLocation$ElementFinder$2.findElement(ElementLocation.java:162)
	at org.openqa.selenium.remote.ElementLocation.findElement(ElementLocation.java:60)
	at org.openqa.selenium.remote.RemoteWebDriver.findElement(RemoteWebDriver.java:385)
	at org.openqa.selenium.remote.RemoteWebDriver.findElement(RemoteWebDriver.java:377)
	at org.openqa.selenium.support.events.EventFiringWebDriver.lambda$new$1(EventFiringWebDriver.java:115)
	at jdk.proxy2/jdk.proxy2.$Proxy19.findElement(Unknown Source)
	at org.openqa.selenium.support.events.EventFiringWebDriver.findElement(EventFiringWebDriver.java:204)
	at org.openqa.selenium.support.pagefactory.DefaultElementLocator.findElement(DefaultElementLocator.java:70)
	at org.openqa.selenium.support.pagefactory.internal.LocatingElementHandler.invoke(LocatingElementHandler.java:39)
	at jdk.proxy2/jdk.proxy2.$Proxy23.click(Unknown Source)
	at com.pages.HomePage.checkOnLogout(HomePage.java:58)
	at com.testcase.HomePageTest.verifyClickOnLogout(HomePageTest.java:84)
	at java.base/java.util.ArrayList.forEach(ArrayList.java:1511)
... Removed 35 stack frames</div></td></tr></table><p class="totop"><a href="#summary">back to summary</a></p>
<h3 id="m1">com.testcase.ProfilePageTest#click_uploadPhoto</h3><table class="result"><tr><th>Exception</th></tr><tr><td><div class="stacktrace">org.openqa.selenium.NoSuchElementException: no such element: Unable to locate element: {&quot;method&quot;:&quot;xpath&quot;,&quot;selector&quot;:&quot;//span[text()=&apos;Save&apos;]&quot;}
  (Session info: chrome=103.0.5060.114)
For documentation on this error, please visit: https://selenium.dev/exceptions/#no_such_element
Build info: version: &apos;4.1.4&apos;, revision: &apos;535d840ee2&apos;
System info: host: &apos;AVIJEET-DESKTOP&apos;, ip: &apos;192.168.1.102&apos;, os.name: &apos;Windows 10&apos;, os.arch: &apos;amd64&apos;, os.version: &apos;10.0&apos;, java.version: &apos;17.0.1&apos;
Driver info: org.openqa.selenium.chrome.ChromeDriver
Command: [45038b7c186b37c95a4151a1fdc122f6, findElement {using=xpath, value=//span[text()=&apos;Save&apos;]}]
Capabilities {acceptInsecureCerts: false, browserName: chrome, browserVersion: 103.0.5060.114, chrome: {chromedriverVersion: 103.0.5060.53 (a1711811edd7..., userDataDir: C:\Users\avije\AppData\Loca...}, goog:chromeOptions: {debuggerAddress: localhost:63801}, javascriptEnabled: true, networkConnectionEnabled: false, pageLoadStrategy: normal, platform: WINDOWS, platformName: WINDOWS, proxy: Proxy(), se:cdp: ws://localhost:63801/devtoo..., se:cdpVersion: 103.0.5060.114, setWindowRect: true, strictFileInteractability: false, timeouts: {implicit: 0, pageLoad: 300000, script: 30000}, unhandledPromptBehavior: dismiss and notify, webauthn:extension:credBlob: true, webauthn:extension:largeBlob: true, webauthn:virtualAuthenticators: true}
Session ID: 45038b7c186b37c95a4151a1fdc122f6
	at org.openqa.selenium.remote.codec.w3c.W3CHttpResponseCodec.createException(W3CHttpResponseCodec.java:200)
	at org.openqa.selenium.remote.codec.w3c.W3CHttpResponseCodec.decode(W3CHttpResponseCodec.java:133)
	at org.openqa.selenium.remote.codec.w3c.W3CHttpResponseCodec.decode(W3CHttpResponseCodec.java:53)
	at org.openqa.selenium.remote.HttpCommandExecutor.execute(HttpCommandExecutor.java:184)
	at org.openqa.selenium.remote.service.DriverCommandExecutor.invokeExecute(DriverCommandExecutor.java:167)
	at org.openqa.selenium.remote.service.DriverCommandExecutor.execute(DriverCommandExecutor.java:142)
	at org.openqa.selenium.remote.RemoteWebDriver.execute(RemoteWebDriver.java:567)
	at org.openqa.selenium.remote.ElementLocation$ElementFinder$2.findElement(ElementLocation.java:162)
	at org.openqa.selenium.remote.ElementLocation.findElement(ElementLocation.java:60)
	at org.openqa.selenium.remote.RemoteWebDriver.findElement(RemoteWebDriver.java:385)
	at org.openqa.selenium.remote.RemoteWebDriver.findElement(RemoteWebDriver.java:377)
	at org.openqa.selenium.support.events.EventFiringWebDriver.lambda$new$1(EventFiringWebDriver.java:115)
	at jdk.proxy2/jdk.proxy2.$Proxy19.findElement(Unknown Source)
	at org.openqa.selenium.support.events.EventFiringWebDriver.findElement(EventFiringWebDriver.java:204)
	at org.openqa.selenium.support.pagefactory.DefaultElementLocator.findElement(DefaultElementLocator.java:70)
	at org.openqa.selenium.support.pagefactory.internal.LocatingElementHandler.invoke(LocatingElementHandler.java:39)
	at jdk.proxy2/jdk.proxy2.$Proxy23.click(Unknown Source)
	at com.pages.ProfilePage.click_photoUpload(ProfilePage.java:61)
	at com.testcase.ProfilePageTest.click_uploadPhoto(ProfilePageTest.java:50)
	at java.base/java.util.ArrayList.forEach(ArrayList.java:1511)
... Removed 35 stack frames</div></td></tr></table><p class="totop"><a href="#summary">back to summary</a></p>
<h3 id="m2">com.testcase.FindFriendsTest#add_friend</h3><table class="result"><tr><th class="invisible"/></tr></table><p class="totop"><a href="#summary">back to summary</a></p>
<h3 id="m3">com.testcase.FindFriendsTest#confirm_friend</h3><table class="result"><tr><th class="invisible"/></tr></table><p class="totop"><a href="#summary">back to summary</a></p>
<h3 id="m4">com.testcase.FindFriendsTest#verifyBirthdaysLink</h3><table class="result"><tr><th class="invisible"/></tr></table><p class="totop"><a href="#summary">back to summary</a></p>
<h3 id="m5">com.testcase.FindFriendsTest#verifyCustomsLink</h3><table class="result"><tr><th class="invisible"/></tr></table><p class="totop"><a href="#summary">back to summary</a></p>
<h3 id="m6">com.testcase.FindFriendsTest#verifyFindFriendsTitleTest</h3><table class="result"><tr><th class="invisible"/></tr></table><p class="totop"><a href="#summary">back to summary</a></p>
<h3 id="m7">com.testcase.FindFriendsTest#verifyFriendRequestLink</h3><table class="result"><tr><th class="invisible"/></tr></table><p class="totop"><a href="#summary">back to summary</a></p>
<h3 id="m8">com.testcase.FindFriendsTest#verifySuggestionsLink</h3><table class="result"><tr><th class="invisible"/></tr></table><p class="totop"><a href="#summary">back to summary</a></p>
<h3 id="m9">com.testcase.HomePageTest#HomePageTitleTest</h3><table class="result"><tr><th class="invisible"/></tr></table><p class="totop"><a href="#summary">back to summary</a></p>
<h3 id="m10">com.testcase.HomePageTest#verifyClickOnFriends</h3><table class="result"><tr><th class="invisible"/></tr></table><p class="totop"><a href="#summary">back to summary</a></p>
<h3 id="m11">com.testcase.HomePageTest#verifyHomePage</h3><table class="result"><tr><th class="invisible"/></tr></table><p class="totop"><a href="#summary">back to summary</a></p>
<h3 id="m12">com.testcase.HomePageTest#verifyUserNameTest</h3><table class="result"><tr><th class="invisible"/></tr></table><p class="totop"><a href="#summary">back to summary</a></p>
<h3 id="m13">com.testcase.LoginPageTest#faceBookLogoImageTest</h3><table class="result"><tr><th class="invisible"/></tr></table><p class="totop"><a href="#summary">back to summary</a></p>
<h3 id="m14">com.testcase.LoginPageTest#loginPageTitleTest</h3><table class="result"><tr><th class="invisible"/></tr></table><p class="totop"><a href="#summary">back to summary</a></p>
<h3 id="m15">com.testcase.LoginPageTest#loginTest</h3><table class="result"><tr><th class="invisible"/></tr></table><p class="totop"><a href="#summary">back to summary</a></p>
<h3 id="m16">com.testcase.LoginPageTest#multipleLoginTest</h3><table class="result"><tr class="param"><th>Parameter #1</th><th>Parameter #2</th></tr><tr class="param stripe"><td>purabirout444@gmail.com</td><td>purvi@96</td></tr></table><p class="totop"><a href="#summary">back to summary</a></p>
<h3 id="m17">com.testcase.LoginPageTest#multipleLoginTest</h3><table class="result"><tr class="param"><th>Parameter #1</th><th>Parameter #2</th></tr><tr class="param stripe"><td>purabirout@1996gmail.com</td><td>purvi@123</td></tr></table><p class="totop"><a href="#summary">back to summary</a></p>
<h3 id="m18">com.testcase.LoginPageTest#multipleLoginTest</h3><table class="result"><tr class="param"><th>Parameter #1</th><th>Parameter #2</th></tr><tr class="param stripe"><td>purvi@1451gmail.com</td><td>purvi589@</td></tr></table><p class="totop"><a href="#summary">back to summary</a></p>
<h3 id="m19">com.testcase.ProfilePageTest#click_profilePage</h3><table class="result"><tr><th class="invisible"/></tr></table><p class="totop"><a href="#summary">back to summary</a></p>
<h3 id="m20">com.testcase.ProfilePageTest#verifyProfile</h3><table class="result"><tr><th class="invisible"/></tr></table><p class="totop"><a href="#summary">back to summary</a></p>
<h3 id="m21">com.testcase.SignUpPageTest#SignUpTest</h3><table class="result"><tr><th class="invisible"/></tr></table><p class="totop"><a href="#summary">back to summary</a></p>
<h3 id="m22">com.testcase.SignUpPageTest#signUpPageTitleTest</h3><table class="result"><tr><th class="invisible"/></tr></table><p class="totop"><a href="#summary">back to summary</a></p>
</body>
</html>
