<!DOCTYPE html>

<html>
  <head>
  <meta charset='utf-8'>
  <title>TestNG reports</title>

    <link type="text/css" href="testng-reports1.css" rel="stylesheet" id="ultra" />
    <link type="text/css" href="testng-reports.css" rel="stylesheet" id="retro" disabled="false"/>
    <script type="text/javascript" src="jquery.min.js"></script>
    <script type="text/javascript" src="testng-reports.js"></script>
    <script type="text/javascript" src="https://www.google.com/jsapi"></script>
    <script type='text/javascript'>
      google.load('visualization', '1', {packages:['table']});
      google.setOnLoadCallback(drawTable);
      var suiteTableInitFunctions = new Array();
      var suiteTableData = new Array();
    </script>
    <!--
      <script type="text/javascript" src="jquery-ui/js/jquery-ui-1.8.16.custom.min.js"></script>
     -->
  </head>

  <body>
    <div class="top-banner-root">
      <span class="top-banner-title-font">Test results</span>
      <button id="button" class="button">Switch Retro Theme</button> <!-- button -->
      <br/>
      <span class="top-banner-font-1">1 suite, 2 failed tests</span>
    </div> <!-- top-banner-root -->
    <div class="navigator-root">
      <div class="navigator-suite-header">
        <span>All suites</span>
        <a href="#" title="Collapse/expand all the suites" class="collapse-all-link">
          <img src="collapseall.gif" class="collapse-all-icon">
          </img> <!-- collapse-all-icon -->
        </a> <!-- collapse-all-link -->
      </div> <!-- navigator-suite-header -->
      <div class="suite">
        <div class="rounded-window">
          <div class="suite-header light-rounded-window-top">
            <a href="#" panel-name="suite-Facebook_Application_Test_Automation_Test_Suite" class="navigator-link">
              <span class="suite-name border-failed">Facebook Application Test Automation Test Suite</span>
            </a> <!-- navigator-link -->
          </div> <!-- suite-header light-rounded-window-top -->
          <div class="navigator-suite-content">
            <div class="suite-section-title">
              <span>Info</span>
            </div> <!-- suite-section-title -->
            <div class="suite-section-content">
              <ul>
                <li>
                  <a href="#" panel-name="test-xml-Facebook_Application_Test_Automation_Test_Suite" class="navigator-link ">
                    <span>C:\Users\avije\eclipse-workspace\PageObjectModelUsingHybridFramework\src\main\resources\testng.xml</span>
                  </a> <!-- navigator-link  -->
                </li>
                <li>
                  <a href="#" panel-name="testlist-Facebook_Application_Test_Automation_Test_Suite" class="navigator-link ">
                    <span class="test-stats">1 test</span>
                  </a> <!-- navigator-link  -->
                </li>
                <li>
                  <a href="#" panel-name="group-Facebook_Application_Test_Automation_Test_Suite" class="navigator-link ">
                    <span>0 groups</span>
                  </a> <!-- navigator-link  -->
                </li>
                <li>
                  <a href="#" panel-name="times-Facebook_Application_Test_Automation_Test_Suite" class="navigator-link ">
                    <span>Times</span>
                  </a> <!-- navigator-link  -->
                </li>
                <li>
                  <a href="#" panel-name="reporter-Facebook_Application_Test_Automation_Test_Suite" class="navigator-link ">
                    <span>Reporter output</span>
                  </a> <!-- navigator-link  -->
                </li>
                <li>
                  <a href="#" panel-name="ignored-methods-Facebook_Application_Test_Automation_Test_Suite" class="navigator-link ">
                    <span>Ignored methods</span>
                  </a> <!-- navigator-link  -->
                </li>
                <li>
                  <a href="#" panel-name="chronological-Facebook_Application_Test_Automation_Test_Suite" class="navigator-link ">
                    <span>Chronological view</span>
                  </a> <!-- navigator-link  -->
                </li>
              </ul>
            </div> <!-- suite-section-content -->
            <div class="result-section">
              <div class="suite-section-title">
                <span>Results</span>
              </div> <!-- suite-section-title -->
              <div class="suite-section-content">
                <ul>
                  <li>
                    <span class="method-stats">23 methods, 2 failed,   21 passed</span>
                  </li>
                  <li>
                    <span class="method-list-title failed">Failed methods</span>
                    <span class="show-or-hide-methods failed">
                      <a href="#" panel-name="suite-Facebook_Application_Test_Automation_Test_Suite" class="hide-methods failed suite-Facebook_Application_Test_Automation_Test_Suite"> (hide)</a> <!-- hide-methods failed suite-Facebook_Application_Test_Automation_Test_Suite -->
                      <a href="#" panel-name="suite-Facebook_Application_Test_Automation_Test_Suite" class="show-methods failed suite-Facebook_Application_Test_Automation_Test_Suite"> (show)</a> <!-- show-methods failed suite-Facebook_Application_Test_Automation_Test_Suite -->
                    </span>
                    <div class="method-list-content failed suite-Facebook_Application_Test_Automation_Test_Suite">
                      <span>
                        <img src="failed.png" width="3%"/>
                        <a href="#" panel-name="suite-Facebook_Application_Test_Automation_Test_Suite" title="com.testcase.ProfilePageTest" class="method navigator-link" hash-for-method="click_uploadPhoto">click_uploadPhoto</a> <!-- method navigator-link -->
                      </span>
                      <br/>
                      <span>
                        <img src="failed.png" width="3%"/>
                        <a href="#" panel-name="suite-Facebook_Application_Test_Automation_Test_Suite" title="com.testcase.HomePageTest" class="method navigator-link" hash-for-method="verifyClickOnLogout">verifyClickOnLogout</a> <!-- method navigator-link -->
                      </span>
                      <br/>
                    </div> <!-- method-list-content failed suite-Facebook_Application_Test_Automation_Test_Suite -->
                  </li>
                  <li>
                    <span class="method-list-title passed">Passed methods</span>
                    <span class="show-or-hide-methods passed">
                      <a href="#" panel-name="suite-Facebook_Application_Test_Automation_Test_Suite" class="hide-methods passed suite-Facebook_Application_Test_Automation_Test_Suite"> (hide)</a> <!-- hide-methods passed suite-Facebook_Application_Test_Automation_Test_Suite -->
                      <a href="#" panel-name="suite-Facebook_Application_Test_Automation_Test_Suite" class="show-methods passed suite-Facebook_Application_Test_Automation_Test_Suite"> (show)</a> <!-- show-methods passed suite-Facebook_Application_Test_Automation_Test_Suite -->
                    </span>
                    <div class="method-list-content passed suite-Facebook_Application_Test_Automation_Test_Suite">
                      <span>
                        <img src="passed.png" width="3%"/>
                        <a href="#" panel-name="suite-Facebook_Application_Test_Automation_Test_Suite" title="com.testcase.HomePageTest" class="method navigator-link" hash-for-method="HomePageTitleTest">HomePageTitleTest</a> <!-- method navigator-link -->
                      </span>
                      <br/>
                      <span>
                        <img src="passed.png" width="3%"/>
                        <a href="#" panel-name="suite-Facebook_Application_Test_Automation_Test_Suite" title="com.testcase.SignUpPageTest" class="method navigator-link" hash-for-method="SignUpTest">SignUpTest</a> <!-- method navigator-link -->
                      </span>
                      <br/>
                      <span>
                        <img src="passed.png" width="3%"/>
                        <a href="#" panel-name="suite-Facebook_Application_Test_Automation_Test_Suite" title="com.testcase.FindFriendsTest" class="method navigator-link" hash-for-method="add_friend">add_friend</a> <!-- method navigator-link -->
                      </span>
                      <br/>
                      <span>
                        <img src="passed.png" width="3%"/>
                        <a href="#" panel-name="suite-Facebook_Application_Test_Automation_Test_Suite" title="com.testcase.ProfilePageTest" class="method navigator-link" hash-for-method="click_profilePage">click_profilePage</a> <!-- method navigator-link -->
                      </span>
                      <br/>
                      <span>
                        <img src="passed.png" width="3%"/>
                        <a href="#" panel-name="suite-Facebook_Application_Test_Automation_Test_Suite" title="com.testcase.FindFriendsTest" class="method navigator-link" hash-for-method="confirm_friend">confirm_friend</a> <!-- method navigator-link -->
                      </span>
                      <br/>
                      <span>
                        <img src="passed.png" width="3%"/>
                        <a href="#" panel-name="suite-Facebook_Application_Test_Automation_Test_Suite" title="com.testcase.LoginPageTest" class="method navigator-link" hash-for-method="faceBookLogoImageTest">faceBookLogoImageTest</a> <!-- method navigator-link -->
                      </span>
                      <br/>
                      <span>
                        <img src="passed.png" width="3%"/>
                        <a href="#" panel-name="suite-Facebook_Application_Test_Automation_Test_Suite" title="com.testcase.LoginPageTest" class="method navigator-link" hash-for-method="loginPageTitleTest">loginPageTitleTest</a> <!-- method navigator-link -->
                      </span>
                      <br/>
                      <span>
                        <img src="passed.png" width="3%"/>
                        <a href="#" panel-name="suite-Facebook_Application_Test_Automation_Test_Suite" title="com.testcase.LoginPageTest" class="method navigator-link" hash-for-method="loginTest">loginTest</a> <!-- method navigator-link -->
                      </span>
                      <br/>
                      <span>
                        <img src="passed.png" width="3%"/>
                        <a href="#" panel-name="suite-Facebook_Application_Test_Automation_Test_Suite" title="com.testcase.LoginPageTest" class="method navigator-link" hash-for-method="multipleLoginTest(purabirout444@gmail.com, purvi@96)">multipleLoginTest(purabirout444@gmail.com, purvi@96)</a> <!-- method navigator-link -->
                      </span>
                      <br/>
                      <span>
                        <img src="passed.png" width="3%"/>
                        <a href="#" panel-name="suite-Facebook_Application_Test_Automation_Test_Suite" title="com.testcase.LoginPageTest" class="method navigator-link" hash-for-method="multipleLoginTest(purabirout@1996gmail.com, purvi@123)">multipleLoginTest(purabirout@1996gmail.com, purvi@123)</a> <!-- method navigator-link -->
                      </span>
                      <br/>
                      <span>
                        <img src="passed.png" width="3%"/>
                        <a href="#" panel-name="suite-Facebook_Application_Test_Automation_Test_Suite" title="com.testcase.LoginPageTest" class="method navigator-link" hash-for-method="multipleLoginTest(purvi@1451gmail.com, purvi589@)">multipleLoginTest(purvi@1451gmail.com, purvi589@)</a> <!-- method navigator-link -->
                      </span>
                      <br/>
                      <span>
                        <img src="passed.png" width="3%"/>
                        <a href="#" panel-name="suite-Facebook_Application_Test_Automation_Test_Suite" title="com.testcase.SignUpPageTest" class="method navigator-link" hash-for-method="signUpPageTitleTest">signUpPageTitleTest</a> <!-- method navigator-link -->
                      </span>
                      <br/>
                      <span>
                        <img src="passed.png" width="3%"/>
                        <a href="#" panel-name="suite-Facebook_Application_Test_Automation_Test_Suite" title="com.testcase.FindFriendsTest" class="method navigator-link" hash-for-method="verifyBirthdaysLink">verifyBirthdaysLink</a> <!-- method navigator-link -->
                      </span>
                      <br/>
                      <span>
                        <img src="passed.png" width="3%"/>
                        <a href="#" panel-name="suite-Facebook_Application_Test_Automation_Test_Suite" title="com.testcase.HomePageTest" class="method navigator-link" hash-for-method="verifyClickOnFriends">verifyClickOnFriends</a> <!-- method navigator-link -->
                      </span>
                      <br/>
                      <span>
                        <img src="passed.png" width="3%"/>
                        <a href="#" panel-name="suite-Facebook_Application_Test_Automation_Test_Suite" title="com.testcase.FindFriendsTest" class="method navigator-link" hash-for-method="verifyCustomsLink">verifyCustomsLink</a> <!-- method navigator-link -->
                      </span>
                      <br/>
                      <span>
                        <img src="passed.png" width="3%"/>
                        <a href="#" panel-name="suite-Facebook_Application_Test_Automation_Test_Suite" title="com.testcase.FindFriendsTest" class="method navigator-link" hash-for-method="verifyFindFriendsTitleTest">verifyFindFriendsTitleTest</a> <!-- method navigator-link -->
                      </span>
                      <br/>
                      <span>
                        <img src="passed.png" width="3%"/>
                        <a href="#" panel-name="suite-Facebook_Application_Test_Automation_Test_Suite" title="com.testcase.FindFriendsTest" class="method navigator-link" hash-for-method="verifyFriendRequestLink">verifyFriendRequestLink</a> <!-- method navigator-link -->
                      </span>
                      <br/>
                      <span>
                        <img src="passed.png" width="3%"/>
                        <a href="#" panel-name="suite-Facebook_Application_Test_Automation_Test_Suite" title="com.testcase.HomePageTest" class="method navigator-link" hash-for-method="verifyHomePage">verifyHomePage</a> <!-- method navigator-link -->
                      </span>
                      <br/>
                      <span>
                        <img src="passed.png" width="3%"/>
                        <a href="#" panel-name="suite-Facebook_Application_Test_Automation_Test_Suite" title="com.testcase.ProfilePageTest" class="method navigator-link" hash-for-method="verifyProfile">verifyProfile</a> <!-- method navigator-link -->
                      </span>
                      <br/>
                      <span>
                        <img src="passed.png" width="3%"/>
                        <a href="#" panel-name="suite-Facebook_Application_Test_Automation_Test_Suite" title="com.testcase.FindFriendsTest" class="method navigator-link" hash-for-method="verifySuggestionsLink">verifySuggestionsLink</a> <!-- method navigator-link -->
                      </span>
                      <br/>
                      <span>
                        <img src="passed.png" width="3%"/>
                        <a href="#" panel-name="suite-Facebook_Application_Test_Automation_Test_Suite" title="com.testcase.HomePageTest" class="method navigator-link" hash-for-method="verifyUserNameTest">verifyUserNameTest</a> <!-- method navigator-link -->
                      </span>
                      <br/>
                    </div> <!-- method-list-content passed suite-Facebook_Application_Test_Automation_Test_Suite -->
                  </li>
                </ul>
              </div> <!-- suite-section-content -->
            </div> <!-- result-section -->
          </div> <!-- navigator-suite-content -->
        </div> <!-- rounded-window -->
      </div> <!-- suite -->
    </div> <!-- navigator-root -->
    <div class="wrapper">
      <div class="main-panel-root">
        <div panel-name="suite-Facebook_Application_Test_Automation_Test_Suite" class="panel Facebook_Application_Test_Automation_Test_Suite">
          <div class="suite-Facebook_Application_Test_Automation_Test_Suite-class-failed">
            <div class="main-panel-header rounded-window-top">
              <img src="failed.png"/>
              <span class="class-name">com.testcase.HomePageTest</span>
            </div> <!-- main-panel-header rounded-window-top -->
            <div class="main-panel-content rounded-window-bottom">
              <div class="method">
                <div class="method-content">
                  <a name="verifyClickOnLogout">
                  </a> <!-- verifyClickOnLogout -->
                  <span class="method-name">verifyClickOnLogout</span>
                  <div class="stack-trace">org.openqa.selenium.NoSuchElementException: no such element: Unable to locate element: {&quot;method&quot;:&quot;xpath&quot;,&quot;selector&quot;:&quot;//span[contains(text(),&apos;Log Out&apos;)]&quot;}
  (Session info: chrome=103.0.5060.114)
For documentation on this error, please visit: https://selenium.dev/exceptions/#no_such_element
Build info: version: &apos;4.1.4&apos;, revision: &apos;535d840ee2&apos;
System info: host: &apos;AVIJEET-DESKTOP&apos;, ip: &apos;192.168.1.102&apos;, os.name: &apos;Windows 10&apos;, os.arch: &apos;amd64&apos;, os.version: &apos;10.0&apos;, java.version: &apos;17.0.1&apos;
Driver info: org.openqa.selenium.chrome.ChromeDriver
Command: [588b1fb91231ac818499d3d66f4bd937, findElement {using=xpath, value=//span[contains(text(),&apos;Log Out&apos;)]}]
Capabilities {acceptInsecureCerts: false, browserName: chrome, browserVersion: 103.0.5060.114, chrome: {chromedriverVersion: 103.0.5060.53 (a1711811edd7..., userDataDir: C:\Users\avije\AppData\Loca...}, goog:chromeOptions: {debuggerAddress: localhost:63696}, javascriptEnabled: true, networkConnectionEnabled: false, pageLoadStrategy: normal, platform: WINDOWS, platformName: WINDOWS, proxy: Proxy(), se:cdp: ws://localhost:63696/devtoo..., se:cdpVersion: 103.0.5060.114, setWindowRect: true, strictFileInteractability: false, timeouts: {implicit: 0, pageLoad: 300000, script: 30000}, unhandledPromptBehavior: dismiss and notify, webauthn:extension:credBlob: true, webauthn:extension:largeBlob: true, webauthn:virtualAuthenticators: true}
Session ID: 588b1fb91231ac818499d3d66f4bd937
	at org.openqa.selenium.remote.codec.w3c.W3CHttpResponseCodec.createException(W3CHttpResponseCodec.java:200)
	at org.openqa.selenium.remote.codec.w3c.W3CHttpResponseCodec.decode(W3CHttpResponseCodec.java:133)
	at org.openqa.selenium.remote.codec.w3c.W3CHttpResponseCodec.decode(W3CHttpResponseCodec.java:53)
	at org.openqa.selenium.remote.HttpCommandExecutor.execute(HttpCommandExecutor.java:184)
	at org.openqa.selenium.remote.service.DriverCommandExecutor.invokeExecute(DriverCommandExecutor.java:167)
	at org.openqa.selenium.remote.service.DriverCommandExecutor.execute(DriverCommandExecutor.java:142)
	at org.openqa.selenium.remote.RemoteWebDriver.execute(RemoteWebDriver.java:567)
	at org.openqa.selenium.remote.ElementLocation$ElementFinder$2.findElement(ElementLocation.java:162)
	at org.openqa.selenium.remote.ElementLocation.findElement(ElementLocation.java:60)
	at org.openqa.selenium.remote.RemoteWebDriver.findElement(RemoteWebDriver.java:385)
	at org.openqa.selenium.remote.RemoteWebDriver.findElement(RemoteWebDriver.java:377)
	at org.openqa.selenium.support.events.EventFiringWebDriver.lambda$new$1(EventFiringWebDriver.java:115)
	at jdk.proxy2/jdk.proxy2.$Proxy19.findElement(Unknown Source)
	at org.openqa.selenium.support.events.EventFiringWebDriver.findElement(EventFiringWebDriver.java:204)
	at org.openqa.selenium.support.pagefactory.DefaultElementLocator.findElement(DefaultElementLocator.java:70)
	at org.openqa.selenium.support.pagefactory.internal.LocatingElementHandler.invoke(LocatingElementHandler.java:39)
	at jdk.proxy2/jdk.proxy2.$Proxy23.click(Unknown Source)
	at com.pages.HomePage.checkOnLogout(HomePage.java:58)
	at com.testcase.HomePageTest.verifyClickOnLogout(HomePageTest.java:84)
	at java.base/java.util.ArrayList.forEach(ArrayList.java:1511)
... Removed 35 stack frames
</div> <!-- stack-trace -->
                </div> <!-- method-content -->
              </div> <!-- method -->
            </div> <!-- main-panel-content rounded-window-bottom -->
          </div> <!-- suite-Facebook_Application_Test_Automation_Test_Suite-class-failed -->
          <div class="suite-Facebook_Application_Test_Automation_Test_Suite-class-failed">
            <div class="main-panel-header rounded-window-top">
              <img src="failed.png"/>
              <span class="class-name">com.testcase.ProfilePageTest</span>
            </div> <!-- main-panel-header rounded-window-top -->
            <div class="main-panel-content rounded-window-bottom">
              <div class="method">
                <div class="method-content">
                  <a name="click_uploadPhoto">
                  </a> <!-- click_uploadPhoto -->
                  <span class="method-name">click_uploadPhoto</span>
                  <div class="stack-trace">org.openqa.selenium.NoSuchElementException: no such element: Unable to locate element: {&quot;method&quot;:&quot;xpath&quot;,&quot;selector&quot;:&quot;//span[text()=&apos;Save&apos;]&quot;}
  (Session info: chrome=103.0.5060.114)
For documentation on this error, please visit: https://selenium.dev/exceptions/#no_such_element
Build info: version: &apos;4.1.4&apos;, revision: &apos;535d840ee2&apos;
System info: host: &apos;AVIJEET-DESKTOP&apos;, ip: &apos;192.168.1.102&apos;, os.name: &apos;Windows 10&apos;, os.arch: &apos;amd64&apos;, os.version: &apos;10.0&apos;, java.version: &apos;17.0.1&apos;
Driver info: org.openqa.selenium.chrome.ChromeDriver
Command: [45038b7c186b37c95a4151a1fdc122f6, findElement {using=xpath, value=//span[text()=&apos;Save&apos;]}]
Capabilities {acceptInsecureCerts: false, browserName: chrome, browserVersion: 103.0.5060.114, chrome: {chromedriverVersion: 103.0.5060.53 (a1711811edd7..., userDataDir: C:\Users\avije\AppData\Loca...}, goog:chromeOptions: {debuggerAddress: localhost:63801}, javascriptEnabled: true, networkConnectionEnabled: false, pageLoadStrategy: normal, platform: WINDOWS, platformName: WINDOWS, proxy: Proxy(), se:cdp: ws://localhost:63801/devtoo..., se:cdpVersion: 103.0.5060.114, setWindowRect: true, strictFileInteractability: false, timeouts: {implicit: 0, pageLoad: 300000, script: 30000}, unhandledPromptBehavior: dismiss and notify, webauthn:extension:credBlob: true, webauthn:extension:largeBlob: true, webauthn:virtualAuthenticators: true}
Session ID: 45038b7c186b37c95a4151a1fdc122f6
	at org.openqa.selenium.remote.codec.w3c.W3CHttpResponseCodec.createException(W3CHttpResponseCodec.java:200)
	at org.openqa.selenium.remote.codec.w3c.W3CHttpResponseCodec.decode(W3CHttpResponseCodec.java:133)
	at org.openqa.selenium.remote.codec.w3c.W3CHttpResponseCodec.decode(W3CHttpResponseCodec.java:53)
	at org.openqa.selenium.remote.HttpCommandExecutor.execute(HttpCommandExecutor.java:184)
	at org.openqa.selenium.remote.service.DriverCommandExecutor.invokeExecute(DriverCommandExecutor.java:167)
	at org.openqa.selenium.remote.service.DriverCommandExecutor.execute(DriverCommandExecutor.java:142)
	at org.openqa.selenium.remote.RemoteWebDriver.execute(RemoteWebDriver.java:567)
	at org.openqa.selenium.remote.ElementLocation$ElementFinder$2.findElement(ElementLocation.java:162)
	at org.openqa.selenium.remote.ElementLocation.findElement(ElementLocation.java:60)
	at org.openqa.selenium.remote.RemoteWebDriver.findElement(RemoteWebDriver.java:385)
	at org.openqa.selenium.remote.RemoteWebDriver.findElement(RemoteWebDriver.java:377)
	at org.openqa.selenium.support.events.EventFiringWebDriver.lambda$new$1(EventFiringWebDriver.java:115)
	at jdk.proxy2/jdk.proxy2.$Proxy19.findElement(Unknown Source)
	at org.openqa.selenium.support.events.EventFiringWebDriver.findElement(EventFiringWebDriver.java:204)
	at org.openqa.selenium.support.pagefactory.DefaultElementLocator.findElement(DefaultElementLocator.java:70)
	at org.openqa.selenium.support.pagefactory.internal.LocatingElementHandler.invoke(LocatingElementHandler.java:39)
	at jdk.proxy2/jdk.proxy2.$Proxy23.click(Unknown Source)
	at com.pages.ProfilePage.click_photoUpload(ProfilePage.java:61)
	at com.testcase.ProfilePageTest.click_uploadPhoto(ProfilePageTest.java:50)
	at java.base/java.util.ArrayList.forEach(ArrayList.java:1511)
... Removed 35 stack frames
</div> <!-- stack-trace -->
                </div> <!-- method-content -->
              </div> <!-- method -->
            </div> <!-- main-panel-content rounded-window-bottom -->
          </div> <!-- suite-Facebook_Application_Test_Automation_Test_Suite-class-failed -->
          <div class="suite-Facebook_Application_Test_Automation_Test_Suite-class-passed">
            <div class="main-panel-header rounded-window-top">
              <img src="passed.png"/>
              <span class="class-name">com.testcase.SignUpPageTest</span>
            </div> <!-- main-panel-header rounded-window-top -->
            <div class="main-panel-content rounded-window-bottom">
              <div class="method">
                <div class="method-content">
                  <a name="SignUpTest">
                  </a> <!-- SignUpTest -->
                  <span class="method-name">SignUpTest</span>
                </div> <!-- method-content -->
              </div> <!-- method -->
              <div class="method">
                <div class="method-content">
                  <a name="signUpPageTitleTest">
                  </a> <!-- signUpPageTitleTest -->
                  <span class="method-name">signUpPageTitleTest</span>
                </div> <!-- method-content -->
              </div> <!-- method -->
            </div> <!-- main-panel-content rounded-window-bottom -->
          </div> <!-- suite-Facebook_Application_Test_Automation_Test_Suite-class-passed -->
          <div class="suite-Facebook_Application_Test_Automation_Test_Suite-class-passed">
            <div class="main-panel-header rounded-window-top">
              <img src="passed.png"/>
              <span class="class-name">com.testcase.LoginPageTest</span>
            </div> <!-- main-panel-header rounded-window-top -->
            <div class="main-panel-content rounded-window-bottom">
              <div class="method">
                <div class="method-content">
                  <a name="faceBookLogoImageTest">
                  </a> <!-- faceBookLogoImageTest -->
                  <span class="method-name">faceBookLogoImageTest</span>
                </div> <!-- method-content -->
              </div> <!-- method -->
              <div class="method">
                <div class="method-content">
                  <a name="loginPageTitleTest">
                  </a> <!-- loginPageTitleTest -->
                  <span class="method-name">loginPageTitleTest</span>
                </div> <!-- method-content -->
              </div> <!-- method -->
              <div class="method">
                <div class="method-content">
                  <a name="loginTest">
                  </a> <!-- loginTest -->
                  <span class="method-name">loginTest</span>
                </div> <!-- method-content -->
              </div> <!-- method -->
              <div class="method">
                <div class="method-content">
                  <a name="multipleLoginTest(purabirout444@gmail.com, purvi@96)">
                  </a> <!-- multipleLoginTest(purabirout444@gmail.com, purvi@96) -->
                  <span class="method-name">multipleLoginTest</span>
                  <span class="parameters">(purabirout444@gmail.com, purvi@96)</span>
                </div> <!-- method-content -->
              </div> <!-- method -->
              <div class="method">
                <div class="method-content">
                  <a name="multipleLoginTest(purabirout@1996gmail.com, purvi@123)">
                  </a> <!-- multipleLoginTest(purabirout@1996gmail.com, purvi@123) -->
                  <span class="method-name">multipleLoginTest</span>
                  <span class="parameters">(purabirout@1996gmail.com, purvi@123)</span>
                </div> <!-- method-content -->
              </div> <!-- method -->
              <div class="method">
                <div class="method-content">
                  <a name="multipleLoginTest(purvi@1451gmail.com, purvi589@)">
                  </a> <!-- multipleLoginTest(purvi@1451gmail.com, purvi589@) -->
                  <span class="method-name">multipleLoginTest</span>
                  <span class="parameters">(purvi@1451gmail.com, purvi589@)</span>
                </div> <!-- method-content -->
              </div> <!-- method -->
            </div> <!-- main-panel-content rounded-window-bottom -->
          </div> <!-- suite-Facebook_Application_Test_Automation_Test_Suite-class-passed -->
          <div class="suite-Facebook_Application_Test_Automation_Test_Suite-class-passed">
            <div class="main-panel-header rounded-window-top">
              <img src="passed.png"/>
              <span class="class-name">com.testcase.HomePageTest</span>
            </div> <!-- main-panel-header rounded-window-top -->
            <div class="main-panel-content rounded-window-bottom">
              <div class="method">
                <div class="method-content">
                  <a name="HomePageTitleTest">
                  </a> <!-- HomePageTitleTest -->
                  <span class="method-name">HomePageTitleTest</span>
                </div> <!-- method-content -->
              </div> <!-- method -->
              <div class="method">
                <div class="method-content">
                  <a name="verifyClickOnFriends">
                  </a> <!-- verifyClickOnFriends -->
                  <span class="method-name">verifyClickOnFriends</span>
                </div> <!-- method-content -->
              </div> <!-- method -->
              <div class="method">
                <div class="method-content">
                  <a name="verifyHomePage">
                  </a> <!-- verifyHomePage -->
                  <span class="method-name">verifyHomePage</span>
                </div> <!-- method-content -->
              </div> <!-- method -->
              <div class="method">
                <div class="method-content">
                  <a name="verifyUserNameTest">
                  </a> <!-- verifyUserNameTest -->
                  <span class="method-name">verifyUserNameTest</span>
                </div> <!-- method-content -->
              </div> <!-- method -->
            </div> <!-- main-panel-content rounded-window-bottom -->
          </div> <!-- suite-Facebook_Application_Test_Automation_Test_Suite-class-passed -->
          <div class="suite-Facebook_Application_Test_Automation_Test_Suite-class-passed">
            <div class="main-panel-header rounded-window-top">
              <img src="passed.png"/>
              <span class="class-name">com.testcase.ProfilePageTest</span>
            </div> <!-- main-panel-header rounded-window-top -->
            <div class="main-panel-content rounded-window-bottom">
              <div class="method">
                <div class="method-content">
                  <a name="click_profilePage">
                  </a> <!-- click_profilePage -->
                  <span class="method-name">click_profilePage</span>
                </div> <!-- method-content -->
              </div> <!-- method -->
              <div class="method">
                <div class="method-content">
                  <a name="verifyProfile">
                  </a> <!-- verifyProfile -->
                  <span class="method-name">verifyProfile</span>
                </div> <!-- method-content -->
              </div> <!-- method -->
            </div> <!-- main-panel-content rounded-window-bottom -->
          </div> <!-- suite-Facebook_Application_Test_Automation_Test_Suite-class-passed -->
          <div class="suite-Facebook_Application_Test_Automation_Test_Suite-class-passed">
            <div class="main-panel-header rounded-window-top">
              <img src="passed.png"/>
              <span class="class-name">com.testcase.FindFriendsTest</span>
            </div> <!-- main-panel-header rounded-window-top -->
            <div class="main-panel-content rounded-window-bottom">
              <div class="method">
                <div class="method-content">
                  <a name="add_friend">
                  </a> <!-- add_friend -->
                  <span class="method-name">add_friend</span>
                </div> <!-- method-content -->
              </div> <!-- method -->
              <div class="method">
                <div class="method-content">
                  <a name="confirm_friend">
                  </a> <!-- confirm_friend -->
                  <span class="method-name">confirm_friend</span>
                </div> <!-- method-content -->
              </div> <!-- method -->
              <div class="method">
                <div class="method-content">
                  <a name="verifyBirthdaysLink">
                  </a> <!-- verifyBirthdaysLink -->
                  <span class="method-name">verifyBirthdaysLink</span>
                </div> <!-- method-content -->
              </div> <!-- method -->
              <div class="method">
                <div class="method-content">
                  <a name="verifyCustomsLink">
                  </a> <!-- verifyCustomsLink -->
                  <span class="method-name">verifyCustomsLink</span>
                </div> <!-- method-content -->
              </div> <!-- method -->
              <div class="method">
                <div class="method-content">
                  <a name="verifyFindFriendsTitleTest">
                  </a> <!-- verifyFindFriendsTitleTest -->
                  <span class="method-name">verifyFindFriendsTitleTest</span>
                </div> <!-- method-content -->
              </div> <!-- method -->
              <div class="method">
                <div class="method-content">
                  <a name="verifyFriendRequestLink">
                  </a> <!-- verifyFriendRequestLink -->
                  <span class="method-name">verifyFriendRequestLink</span>
                </div> <!-- method-content -->
              </div> <!-- method -->
              <div class="method">
                <div class="method-content">
                  <a name="verifySuggestionsLink">
                  </a> <!-- verifySuggestionsLink -->
                  <span class="method-name">verifySuggestionsLink</span>
                </div> <!-- method-content -->
              </div> <!-- method -->
            </div> <!-- main-panel-content rounded-window-bottom -->
          </div> <!-- suite-Facebook_Application_Test_Automation_Test_Suite-class-passed -->
        </div> <!-- panel Facebook_Application_Test_Automation_Test_Suite -->
        <div panel-name="test-xml-Facebook_Application_Test_Automation_Test_Suite" class="panel">
          <div class="main-panel-header rounded-window-top">
            <span class="header-content">C:\Users\avije\eclipse-workspace\PageObjectModelUsingHybridFramework\src\main\resources\testng.xml</span>
          </div> <!-- main-panel-header rounded-window-top -->
          <div class="main-panel-content rounded-window-bottom">
            <pre>
&lt;?xml version=&quot;1.0&quot; encoding=&quot;UTF-8&quot;?&gt;
&lt;!DOCTYPE suite SYSTEM &quot;https://testng.org/testng-1.0.dtd&quot;&gt;
&lt;suite name=&quot;Facebook Application Test Automation Test Suite&quot; guice-stage=&quot;DEVELOPMENT&quot;&gt;
  &lt;listeners&gt;
    &lt;listener class-name=&quot;com.ExtentListener.ExtentReporterNG&quot;/&gt;
  &lt;/listeners&gt;
  &lt;test thread-count=&quot;5&quot; name=&quot;Facebook App Test Cases&quot;&gt;
    &lt;classes&gt;
      &lt;class name=&quot;com.testcase.LoginPageTest&quot;/&gt;
      &lt;class name=&quot;com.testcase.HomePageTest&quot;/&gt;
      &lt;class name=&quot;com.testcase.ProfilePageTest&quot;/&gt;
      &lt;class name=&quot;com.testcase.FindFriendsTest&quot;/&gt;
      &lt;class name=&quot;com.testcase.SignUpPageTest&quot;/&gt;
    &lt;/classes&gt;
  &lt;/test&gt; &lt;!-- Facebook App Test Cases --&gt;
&lt;/suite&gt; &lt;!-- Facebook Application Test Automation Test Suite --&gt;
            </pre>
          </div> <!-- main-panel-content rounded-window-bottom -->
        </div> <!-- panel -->
        <div panel-name="testlist-Facebook_Application_Test_Automation_Test_Suite" class="panel">
          <div class="main-panel-header rounded-window-top">
            <span class="header-content">Tests for Facebook Application Test Automation Test Suite</span>
          </div> <!-- main-panel-header rounded-window-top -->
          <div class="main-panel-content rounded-window-bottom">
            <ul>
              <li>
                <span class="test-name">Facebook App Test Cases (5 classes)</span>
              </li>
            </ul>
          </div> <!-- main-panel-content rounded-window-bottom -->
        </div> <!-- panel -->
        <div panel-name="group-Facebook_Application_Test_Automation_Test_Suite" class="panel">
          <div class="main-panel-header rounded-window-top">
            <span class="header-content">Groups for Facebook Application Test Automation Test Suite</span>
          </div> <!-- main-panel-header rounded-window-top -->
          <div class="main-panel-content rounded-window-bottom">
          </div> <!-- main-panel-content rounded-window-bottom -->
        </div> <!-- panel -->
        <div panel-name="times-Facebook_Application_Test_Automation_Test_Suite" class="panel">
          <div class="main-panel-header rounded-window-top">
            <span class="header-content">Times for Facebook Application Test Automation Test Suite</span>
          </div> <!-- main-panel-header rounded-window-top -->
          <div class="main-panel-content rounded-window-bottom">
            <div class="times-div">
              <script type="text/javascript">
suiteTableInitFunctions.push('tableData_Facebook_Application_Test_Automation_Test_Suite');
function tableData_Facebook_Application_Test_Automation_Test_Suite() {
var data = new google.visualization.DataTable();
data.addColumn('number', 'Number');
data.addColumn('string', 'Method');
data.addColumn('string', 'Class');
data.addColumn('number', 'Time (ms)');
data.addRows(23);
data.setCell(0, 0, 0)
data.setCell(0, 1, 'click_uploadPhoto')
data.setCell(0, 2, 'com.testcase.ProfilePageTest')
data.setCell(0, 3, 29831);
data.setCell(1, 0, 1)
data.setCell(1, 1, 'verifyClickOnLogout')
data.setCell(1, 2, 'com.testcase.HomePageTest')
data.setCell(1, 3, 25916);
data.setCell(2, 0, 2)
data.setCell(2, 1, 'HomePageTitleTest')
data.setCell(2, 2, 'com.testcase.HomePageTest')
data.setCell(2, 3, 8574);
data.setCell(3, 0, 3)
data.setCell(3, 1, 'verifyHomePage')
data.setCell(3, 2, 'com.testcase.HomePageTest')
data.setCell(3, 3, 8402);
data.setCell(4, 0, 4)
data.setCell(4, 1, 'verifyClickOnFriends')
data.setCell(4, 2, 'com.testcase.HomePageTest')
data.setCell(4, 3, 7358);
data.setCell(5, 0, 5)
data.setCell(5, 1, 'confirm_friend')
data.setCell(5, 2, 'com.testcase.FindFriendsTest')
data.setCell(5, 3, 5687);
data.setCell(6, 0, 6)
data.setCell(6, 1, 'click_profilePage')
data.setCell(6, 2, 'com.testcase.ProfilePageTest')
data.setCell(6, 3, 5450);
data.setCell(7, 0, 7)
data.setCell(7, 1, 'verifyProfile')
data.setCell(7, 2, 'com.testcase.ProfilePageTest')
data.setCell(7, 3, 5352);
data.setCell(8, 0, 8)
data.setCell(8, 1, 'verifyUserNameTest')
data.setCell(8, 2, 'com.testcase.HomePageTest')
data.setCell(8, 3, 5057);
data.setCell(9, 0, 9)
data.setCell(9, 1, 'add_friend')
data.setCell(9, 2, 'com.testcase.FindFriendsTest')
data.setCell(9, 3, 4849);
data.setCell(10, 0, 10)
data.setCell(10, 1, 'multipleLoginTest')
data.setCell(10, 2, 'com.testcase.LoginPageTest')
data.setCell(10, 3, 3233);
data.setCell(11, 0, 11)
data.setCell(11, 1, 'multipleLoginTest')
data.setCell(11, 2, 'com.testcase.LoginPageTest')
data.setCell(11, 3, 3204);
data.setCell(12, 0, 12)
data.setCell(12, 1, 'multipleLoginTest')
data.setCell(12, 2, 'com.testcase.LoginPageTest')
data.setCell(12, 3, 3173);
data.setCell(13, 0, 13)
data.setCell(13, 1, 'SignUpTest')
data.setCell(13, 2, 'com.testcase.SignUpPageTest')
data.setCell(13, 3, 1748);
data.setCell(14, 0, 14)
data.setCell(14, 1, 'verifySuggestionsLink')
data.setCell(14, 2, 'com.testcase.FindFriendsTest')
data.setCell(14, 3, 1649);
data.setCell(15, 0, 15)
data.setCell(15, 1, 'verifyBirthdaysLink')
data.setCell(15, 2, 'com.testcase.FindFriendsTest')
data.setCell(15, 3, 1615);
data.setCell(16, 0, 16)
data.setCell(16, 1, 'verifyCustomsLink')
data.setCell(16, 2, 'com.testcase.FindFriendsTest')
data.setCell(16, 3, 1193);
data.setCell(17, 0, 17)
data.setCell(17, 1, 'verifyFriendRequestLink')
data.setCell(17, 2, 'com.testcase.FindFriendsTest')
data.setCell(17, 3, 353);
data.setCell(18, 0, 18)
data.setCell(18, 1, 'loginTest')
data.setCell(18, 2, 'com.testcase.LoginPageTest')
data.setCell(18, 3, 178);
data.setCell(19, 0, 19)
data.setCell(19, 1, 'verifyFindFriendsTitleTest')
data.setCell(19, 2, 'com.testcase.FindFriendsTest')
data.setCell(19, 3, 82);
data.setCell(20, 0, 20)
data.setCell(20, 1, 'faceBookLogoImageTest')
data.setCell(20, 2, 'com.testcase.LoginPageTest')
data.setCell(20, 3, 45);
data.setCell(21, 0, 21)
data.setCell(21, 1, 'loginPageTitleTest')
data.setCell(21, 2, 'com.testcase.LoginPageTest')
data.setCell(21, 3, 9);
data.setCell(22, 0, 22)
data.setCell(22, 1, 'signUpPageTitleTest')
data.setCell(22, 2, 'com.testcase.SignUpPageTest')
data.setCell(22, 3, 7);
window.suiteTableData['Facebook_Application_Test_Automation_Test_Suite']= { tableData: data, tableDiv: 'times-div-Facebook_Application_Test_Automation_Test_Suite'}
return data;
}
              </script>
              <span class="suite-total-time">Total running time: 2 minutes</span>
              <div id="times-div-Facebook_Application_Test_Automation_Test_Suite">
              </div> <!-- times-div-Facebook_Application_Test_Automation_Test_Suite -->
            </div> <!-- times-div -->
          </div> <!-- main-panel-content rounded-window-bottom -->
        </div> <!-- panel -->
        <div panel-name="reporter-Facebook_Application_Test_Automation_Test_Suite" class="panel">
          <div class="main-panel-header rounded-window-top">
            <span class="header-content">Reporter output for Facebook Application Test Automation Test Suite</span>
          </div> <!-- main-panel-header rounded-window-top -->
          <div class="main-panel-content rounded-window-bottom">
          </div> <!-- main-panel-content rounded-window-bottom -->
        </div> <!-- panel -->
        <div panel-name="ignored-methods-Facebook_Application_Test_Automation_Test_Suite" class="panel">
          <div class="main-panel-header rounded-window-top">
            <span class="header-content">0 ignored methods</span>
          </div> <!-- main-panel-header rounded-window-top -->
          <div class="main-panel-content rounded-window-bottom">
          </div> <!-- main-panel-content rounded-window-bottom -->
        </div> <!-- panel -->
        <div panel-name="chronological-Facebook_Application_Test_Automation_Test_Suite" class="panel">
          <div class="main-panel-header rounded-window-top">
            <span class="header-content">Methods in chronological order</span>
          </div> <!-- main-panel-header rounded-window-top -->
          <div class="main-panel-content rounded-window-bottom">
            <div class="chronological-class">
              <div class="chronological-class-name">com.testcase.LoginPageTest</div> <!-- chronological-class-name -->
              <div class="configuration-method before">
                <span class="method-name">setUp</span>
                <span class="method-start">0 ms</span>
              </div> <!-- configuration-method before -->
              <div class="test-method">
                <span class="method-name">multipleLoginTest(purabirout444@gmail.com, purvi@96)</span>
                <span class="method-start">3059 ms</span>
              </div> <!-- test-method -->
              <div class="configuration-method after">
                <span class="method-name">tearDown</span>
                <span class="method-start">6337 ms</span>
              </div> <!-- configuration-method after -->
              <div class="configuration-method before">
                <span class="method-name">setUp</span>
                <span class="method-start">6495 ms</span>
              </div> <!-- configuration-method before -->
              <div class="test-method">
                <span class="method-name">multipleLoginTest(purabirout@1996gmail.com, purvi@123)</span>
                <span class="method-start">8299 ms</span>
              </div> <!-- test-method -->
              <div class="configuration-method after">
                <span class="method-name">tearDown</span>
                <span class="method-start">11510 ms</span>
              </div> <!-- configuration-method after -->
              <div class="configuration-method before">
                <span class="method-name">setUp</span>
                <span class="method-start">11658 ms</span>
              </div> <!-- configuration-method before -->
              <div class="test-method">
                <span class="method-name">multipleLoginTest(purvi@1451gmail.com, purvi589@)</span>
                <span class="method-start">13399 ms</span>
              </div> <!-- test-method -->
              <div class="configuration-method after">
                <span class="method-name">tearDown</span>
                <span class="method-start">16580 ms</span>
              </div> <!-- configuration-method after -->
              <div class="configuration-method before">
                <span class="method-name">setUp</span>
                <span class="method-start">16764 ms</span>
              </div> <!-- configuration-method before -->
              <div class="test-method">
                <span class="method-name">loginPageTitleTest</span>
                <span class="method-start">19448 ms</span>
              </div> <!-- test-method -->
              <div class="configuration-method after">
                <span class="method-name">tearDown</span>
                <span class="method-start">19460 ms</span>
              </div> <!-- configuration-method after -->
              <div class="configuration-method before">
                <span class="method-name">setUp</span>
                <span class="method-start">19587 ms</span>
              </div> <!-- configuration-method before -->
              <div class="test-method">
                <span class="method-name">faceBookLogoImageTest</span>
                <span class="method-start">21301 ms</span>
              </div> <!-- test-method -->
              <div class="configuration-method after">
                <span class="method-name">tearDown</span>
                <span class="method-start">21348 ms</span>
              </div> <!-- configuration-method after -->
              <div class="configuration-method before">
                <span class="method-name">setUp</span>
                <span class="method-start">21500 ms</span>
              </div> <!-- configuration-method before -->
              <div class="test-method">
                <span class="method-name">loginTest</span>
                <span class="method-start">23213 ms</span>
              </div> <!-- test-method -->
              <div class="configuration-method after">
                <span class="method-name">tearDown</span>
                <span class="method-start">23393 ms</span>
              </div> <!-- configuration-method after -->
            </div> <!-- chronological-class -->
            <div class="chronological-class">
              <div class="chronological-class-name">com.testcase.HomePageTest</div> <!-- chronological-class-name -->
              <div class="configuration-method before">
                <span class="method-name">setUp</span>
                <span class="method-start">23511 ms</span>
              </div> <!-- configuration-method before -->
              <div class="test-method">
                <span class="method-name">HomePageTitleTest</span>
                <span class="method-start">25479 ms</span>
              </div> <!-- test-method -->
              <div class="configuration-method after">
                <span class="method-name">tearDown</span>
                <span class="method-start">34062 ms</span>
              </div> <!-- configuration-method after -->
              <div class="configuration-method before">
                <span class="method-name">setUp</span>
                <span class="method-start">34257 ms</span>
              </div> <!-- configuration-method before -->
              <div class="test-method">
                <span class="method-name">verifyUserNameTest</span>
                <span class="method-start">36181 ms</span>
              </div> <!-- test-method -->
              <div class="configuration-method after">
                <span class="method-name">tearDown</span>
                <span class="method-start">41240 ms</span>
              </div> <!-- configuration-method after -->
              <div class="configuration-method before">
                <span class="method-name">setUp</span>
                <span class="method-start">41436 ms</span>
              </div> <!-- configuration-method before -->
              <div class="test-method">
                <span class="method-name">verifyClickOnFriends</span>
                <span class="method-start">44175 ms</span>
              </div> <!-- test-method -->
              <div class="configuration-method after">
                <span class="method-name">tearDown</span>
                <span class="method-start">51572 ms</span>
              </div> <!-- configuration-method after -->
              <div class="configuration-method before">
                <span class="method-name">setUp</span>
                <span class="method-start">51888 ms</span>
              </div> <!-- configuration-method before -->
              <div class="test-method">
                <span class="method-name">verifyHomePage</span>
                <span class="method-start">54066 ms</span>
              </div> <!-- test-method -->
              <div class="configuration-method after">
                <span class="method-name">tearDown</span>
                <span class="method-start">62470 ms</span>
              </div> <!-- configuration-method after -->
              <div class="configuration-method before">
                <span class="method-name">setUp</span>
                <span class="method-start">62639 ms</span>
              </div> <!-- configuration-method before -->
              <div class="test-method">
                <img src="failed.png">
                </img>
                <span class="method-name">verifyClickOnLogout</span>
                <span class="method-start">65207 ms</span>
              </div> <!-- test-method -->
              <div class="configuration-method after">
                <span class="method-name">tearDown</span>
                <span class="method-start">91138 ms</span>
              </div> <!-- configuration-method after -->
            </div> <!-- chronological-class -->
            <div class="chronological-class">
              <div class="chronological-class-name">com.testcase.ProfilePageTest</div> <!-- chronological-class-name -->
              <div class="configuration-method before">
                <span class="method-name">setUp</span>
                <span class="method-start">91327 ms</span>
              </div> <!-- configuration-method before -->
              <div class="test-method">
                <span class="method-name">click_profilePage</span>
                <span class="method-start">93317 ms</span>
              </div> <!-- test-method -->
              <div class="configuration-method after">
                <span class="method-name">tearDown</span>
                <span class="method-start">98771 ms</span>
              </div> <!-- configuration-method after -->
              <div class="configuration-method before">
                <span class="method-name">setUp</span>
                <span class="method-start">99034 ms</span>
              </div> <!-- configuration-method before -->
              <div class="test-method">
                <span class="method-name">verifyProfile</span>
                <span class="method-start">101703 ms</span>
              </div> <!-- test-method -->
              <div class="configuration-method after">
                <span class="method-name">tearDown</span>
                <span class="method-start">107055 ms</span>
              </div> <!-- configuration-method after -->
              <div class="configuration-method before">
                <span class="method-name">setUp</span>
                <span class="method-start">107241 ms</span>
              </div> <!-- configuration-method before -->
              <div class="test-method">
                <img src="failed.png">
                </img>
                <span class="method-name">click_uploadPhoto</span>
                <span class="method-start">109250 ms</span>
              </div> <!-- test-method -->
              <div class="configuration-method after">
                <span class="method-name">tearDown</span>
                <span class="method-start">139084 ms</span>
              </div> <!-- configuration-method after -->
            </div> <!-- chronological-class -->
            <div class="chronological-class">
              <div class="chronological-class-name">com.testcase.FindFriendsTest</div> <!-- chronological-class-name -->
              <div class="configuration-method before">
                <span class="method-name">setUp</span>
                <span class="method-start">139271 ms</span>
              </div> <!-- configuration-method before -->
              <div class="test-method">
                <span class="method-name">verifyFindFriendsTitleTest</span>
                <span class="method-start">146611 ms</span>
              </div> <!-- test-method -->
              <div class="configuration-method after">
                <span class="method-name">tearDown</span>
                <span class="method-start">146693 ms</span>
              </div> <!-- configuration-method after -->
              <div class="configuration-method before">
                <span class="method-name">setUp</span>
                <span class="method-start">146838 ms</span>
              </div> <!-- configuration-method before -->
              <div class="test-method">
                <span class="method-name">verifyFriendRequestLink</span>
                <span class="method-start">155478 ms</span>
              </div> <!-- test-method -->
              <div class="configuration-method after">
                <span class="method-name">tearDown</span>
                <span class="method-start">155849 ms</span>
              </div> <!-- configuration-method after -->
              <div class="configuration-method before">
                <span class="method-name">setUp</span>
                <span class="method-start">156146 ms</span>
              </div> <!-- configuration-method before -->
              <div class="test-method">
                <span class="method-name">verifySuggestionsLink</span>
                <span class="method-start">164292 ms</span>
              </div> <!-- test-method -->
              <div class="configuration-method after">
                <span class="method-name">tearDown</span>
                <span class="method-start">165945 ms</span>
              </div> <!-- configuration-method after -->
              <div class="configuration-method before">
                <span class="method-name">setUp</span>
                <span class="method-start">166266 ms</span>
              </div> <!-- configuration-method before -->
              <div class="test-method">
                <span class="method-name">verifyBirthdaysLink</span>
                <span class="method-start">174381 ms</span>
              </div> <!-- test-method -->
              <div class="configuration-method after">
                <span class="method-name">tearDown</span>
                <span class="method-start">176000 ms</span>
              </div> <!-- configuration-method after -->
              <div class="configuration-method before">
                <span class="method-name">setUp</span>
                <span class="method-start">176270 ms</span>
              </div> <!-- configuration-method before -->
              <div class="test-method">
                <span class="method-name">verifyCustomsLink</span>
                <span class="method-start">183070 ms</span>
              </div> <!-- test-method -->
              <div class="configuration-method after">
                <span class="method-name">tearDown</span>
                <span class="method-start">184266 ms</span>
              </div> <!-- configuration-method after -->
              <div class="configuration-method before">
                <span class="method-name">setUp</span>
                <span class="method-start">184562 ms</span>
              </div> <!-- configuration-method before -->
              <div class="test-method">
                <span class="method-name">add_friend</span>
                <span class="method-start">191619 ms</span>
              </div> <!-- test-method -->
              <div class="configuration-method after">
                <span class="method-name">tearDown</span>
                <span class="method-start">196468 ms</span>
              </div> <!-- configuration-method after -->
              <div class="configuration-method before">
                <span class="method-name">setUp</span>
                <span class="method-start">196656 ms</span>
              </div> <!-- configuration-method before -->
              <div class="test-method">
                <span class="method-name">confirm_friend</span>
                <span class="method-start">201982 ms</span>
              </div> <!-- test-method -->
              <div class="configuration-method after">
                <span class="method-name">tearDown</span>
                <span class="method-start">207669 ms</span>
              </div> <!-- configuration-method after -->
            </div> <!-- chronological-class -->
            <div class="chronological-class">
              <div class="chronological-class-name">com.testcase.SignUpPageTest</div> <!-- chronological-class-name -->
              <div class="configuration-method before">
                <span class="method-name">setUp</span>
                <span class="method-start">207865 ms</span>
              </div> <!-- configuration-method before -->
              <div class="test-method">
                <span class="method-name">signUpPageTitleTest</span>
                <span class="method-start">209677 ms</span>
              </div> <!-- test-method -->
              <div class="configuration-method after">
                <span class="method-name">tearDown</span>
                <span class="method-start">209686 ms</span>
              </div> <!-- configuration-method after -->
              <div class="configuration-method before">
                <span class="method-name">setUp</span>
                <span class="method-start">209814 ms</span>
              </div> <!-- configuration-method before -->
              <div class="test-method">
                <span class="method-name">SignUpTest</span>
                <span class="method-start">212406 ms</span>
              </div> <!-- test-method -->
              <div class="configuration-method after">
                <span class="method-name">tearDown</span>
                <span class="method-start">214156 ms</span>
              </div> <!-- configuration-method after -->
          </div> <!-- main-panel-content rounded-window-bottom -->
        </div> <!-- panel -->
      </div> <!-- main-panel-root -->
    </div> <!-- wrapper -->
  </body>
<script type="text/javascript" src="testng-reports2.js"></script>
</html>
