<?xml version="1.0" encoding="UTF-8"?>
<testng-results ignored="0" total="23" passed="21" failed="2" skipped="0">
  <reporter-output>
  </reporter-output>
  <suite started-at="2022-07-22T13:18:40 IST" name="Facebook Application Test Automation Test Suite" finished-at="2022-07-22T13:22:15 IST" duration-ms="214746">
    <groups>
    </groups>
    <test started-at="2022-07-22T13:18:40 IST" name="Facebook App Test Cases" finished-at="2022-07-22T13:22:15 IST" duration-ms="214746">
      <class name="com.testcase.FindFriendsTest">
        <test-method is-config="true" signature="setUp()[pri:0, instance:com.testcase.FindFriendsTest@68746f22]" started-at="2022-07-22T13:21:00 IST" name="setUp" finished-at="2022-07-22T13:21:07 IST" duration-ms="7338" status="PASS">
          <reporter-output>
          </reporter-output>
        </test-method> <!-- setUp -->
        <test-method signature="verifyFindFriendsTitleTest()[pri:1, instance:com.testcase.FindFriendsTest@68746f22]" started-at="2022-07-22T13:21:07 IST" name="verifyFindFriendsTitleTest" finished-at="2022-07-22T13:21:07 IST" duration-ms="82" status="PASS">
          <reporter-output>
          </reporter-output>
        </test-method> <!-- verifyFindFriendsTitleTest -->
        <test-method is-config="true" signature="tearDown()[pri:0, instance:com.testcase.FindFriendsTest@68746f22]" started-at="2022-07-22T13:21:07 IST" name="tearDown" finished-at="2022-07-22T13:21:07 IST" duration-ms="145" status="PASS">
          <reporter-output>
          </reporter-output>
        </test-method> <!-- tearDown -->
        <test-method is-config="true" signature="setUp()[pri:0, instance:com.testcase.FindFriendsTest@68746f22]" started-at="2022-07-22T13:21:07 IST" name="setUp" finished-at="2022-07-22T13:21:16 IST" duration-ms="8639" status="PASS">
          <reporter-output>
          </reporter-output>
        </test-method> <!-- setUp -->
        <test-method signature="verifyFriendRequestLink()[pri:2, instance:com.testcase.FindFriendsTest@68746f22]" started-at="2022-07-22T13:21:16 IST" name="verifyFriendRequestLink" finished-at="2022-07-22T13:21:16 IST" duration-ms="353" status="PASS">
          <reporter-output>
          </reporter-output>
        </test-method> <!-- verifyFriendRequestLink -->
        <test-method is-config="true" signature="tearDown()[pri:0, instance:com.testcase.FindFriendsTest@68746f22]" started-at="2022-07-22T13:21:16 IST" name="tearDown" finished-at="2022-07-22T13:21:17 IST" duration-ms="297" status="PASS">
          <reporter-output>
          </reporter-output>
        </test-method> <!-- tearDown -->
        <test-method is-config="true" signature="setUp()[pri:0, instance:com.testcase.FindFriendsTest@68746f22]" started-at="2022-07-22T13:21:17 IST" name="setUp" finished-at="2022-07-22T13:21:25 IST" duration-ms="8145" status="PASS">
          <reporter-output>
          </reporter-output>
        </test-method> <!-- setUp -->
        <test-method signature="verifySuggestionsLink()[pri:3, instance:com.testcase.FindFriendsTest@68746f22]" started-at="2022-07-22T13:21:25 IST" name="verifySuggestionsLink" finished-at="2022-07-22T13:21:26 IST" duration-ms="1649" status="PASS">
          <reporter-output>
          </reporter-output>
        </test-method> <!-- verifySuggestionsLink -->
        <test-method is-config="true" signature="tearDown()[pri:0, instance:com.testcase.FindFriendsTest@68746f22]" started-at="2022-07-22T13:21:26 IST" name="tearDown" finished-at="2022-07-22T13:21:27 IST" duration-ms="321" status="PASS">
          <reporter-output>
          </reporter-output>
        </test-method> <!-- tearDown -->
        <test-method is-config="true" signature="setUp()[pri:0, instance:com.testcase.FindFriendsTest@68746f22]" started-at="2022-07-22T13:21:27 IST" name="setUp" finished-at="2022-07-22T13:21:35 IST" duration-ms="8113" status="PASS">
          <reporter-output>
          </reporter-output>
        </test-method> <!-- setUp -->
        <test-method signature="verifyBirthdaysLink()[pri:4, instance:com.testcase.FindFriendsTest@68746f22]" started-at="2022-07-22T13:21:35 IST" name="verifyBirthdaysLink" finished-at="2022-07-22T13:21:37 IST" duration-ms="1615" status="PASS">
          <reporter-output>
          </reporter-output>
        </test-method> <!-- verifyBirthdaysLink -->
        <test-method is-config="true" signature="tearDown()[pri:0, instance:com.testcase.FindFriendsTest@68746f22]" started-at="2022-07-22T13:21:37 IST" name="tearDown" finished-at="2022-07-22T13:21:37 IST" duration-ms="267" status="PASS">
          <reporter-output>
          </reporter-output>
        </test-method> <!-- tearDown -->
        <test-method is-config="true" signature="setUp()[pri:0, instance:com.testcase.FindFriendsTest@68746f22]" started-at="2022-07-22T13:21:37 IST" name="setUp" finished-at="2022-07-22T13:21:44 IST" duration-ms="6798" status="PASS">
          <reporter-output>
          </reporter-output>
        </test-method> <!-- setUp -->
        <test-method signature="verifyCustomsLink()[pri:5, instance:com.testcase.FindFriendsTest@68746f22]" started-at="2022-07-22T13:21:44 IST" name="verifyCustomsLink" finished-at="2022-07-22T13:21:45 IST" duration-ms="1193" status="PASS">
          <reporter-output>
          </reporter-output>
        </test-method> <!-- verifyCustomsLink -->
        <test-method is-config="true" signature="tearDown()[pri:0, instance:com.testcase.FindFriendsTest@68746f22]" started-at="2022-07-22T13:21:45 IST" name="tearDown" finished-at="2022-07-22T13:21:45 IST" duration-ms="296" status="PASS">
          <reporter-output>
          </reporter-output>
        </test-method> <!-- tearDown -->
        <test-method is-config="true" signature="setUp()[pri:0, instance:com.testcase.FindFriendsTest@68746f22]" started-at="2022-07-22T13:21:45 IST" name="setUp" finished-at="2022-07-22T13:21:52 IST" duration-ms="7055" status="PASS">
          <reporter-output>
          </reporter-output>
        </test-method> <!-- setUp -->
        <test-method signature="add_friend()[pri:6, instance:com.testcase.FindFriendsTest@68746f22]" started-at="2022-07-22T13:21:52 IST" name="add_friend" finished-at="2022-07-22T13:21:57 IST" duration-ms="4849" status="PASS">
          <reporter-output>
          </reporter-output>
        </test-method> <!-- add_friend -->
        <test-method is-config="true" signature="tearDown()[pri:0, instance:com.testcase.FindFriendsTest@68746f22]" started-at="2022-07-22T13:21:57 IST" name="tearDown" finished-at="2022-07-22T13:21:57 IST" duration-ms="188" status="PASS">
          <reporter-output>
          </reporter-output>
        </test-method> <!-- tearDown -->
        <test-method is-config="true" signature="setUp()[pri:0, instance:com.testcase.FindFriendsTest@68746f22]" started-at="2022-07-22T13:21:57 IST" name="setUp" finished-at="2022-07-22T13:22:02 IST" duration-ms="5325" status="PASS">
          <reporter-output>
          </reporter-output>
        </test-method> <!-- setUp -->
        <test-method signature="confirm_friend()[pri:7, instance:com.testcase.FindFriendsTest@68746f22]" started-at="2022-07-22T13:22:02 IST" name="confirm_friend" finished-at="2022-07-22T13:22:08 IST" duration-ms="5687" status="PASS">
          <reporter-output>
          </reporter-output>
        </test-method> <!-- confirm_friend -->
        <test-method is-config="true" signature="tearDown()[pri:0, instance:com.testcase.FindFriendsTest@68746f22]" started-at="2022-07-22T13:22:08 IST" name="tearDown" finished-at="2022-07-22T13:22:08 IST" duration-ms="196" status="PASS">
          <reporter-output>
          </reporter-output>
        </test-method> <!-- tearDown -->
      </class> <!-- com.testcase.FindFriendsTest -->
      <class name="com.testcase.LoginPageTest">
        <test-method is-config="true" signature="setUp()[pri:0, instance:com.testcase.LoginPageTest@9816741]" started-at="2022-07-22T13:18:41 IST" name="setUp" finished-at="2022-07-22T13:18:44 IST" duration-ms="3002" status="PASS">
          <reporter-output>
          </reporter-output>
        </test-method> <!-- setUp -->
        <test-method signature="multipleLoginTest(java.lang.String,java.lang.String)[pri:0, instance:com.testcase.LoginPageTest@9816741]" started-at="2022-07-22T13:18:44 IST" name="multipleLoginTest" data-provider="getLoginTestData" finished-at="2022-07-22T13:18:47 IST" duration-ms="3233" status="PASS">
          <params>
            <param index="0">
              <value>
                <![CDATA[purabirout444@gmail.com]]>
              </value>
            </param>
            <param index="1">
              <value>
                <![CDATA[purvi@96]]>
              </value>
            </param>
          </params>
          <reporter-output>
          </reporter-output>
        </test-method> <!-- multipleLoginTest -->
        <test-method is-config="true" signature="tearDown()[pri:0, instance:com.testcase.LoginPageTest@9816741]" started-at="2022-07-22T13:18:47 IST" name="tearDown" finished-at="2022-07-22T13:18:47 IST" duration-ms="155" status="PASS">
          <reporter-output>
          </reporter-output>
        </test-method> <!-- tearDown -->
        <test-method is-config="true" signature="setUp()[pri:0, instance:com.testcase.LoginPageTest@9816741]" started-at="2022-07-22T13:18:47 IST" name="setUp" finished-at="2022-07-22T13:18:49 IST" duration-ms="1803" status="PASS">
          <reporter-output>
          </reporter-output>
        </test-method> <!-- setUp -->
        <test-method signature="multipleLoginTest(java.lang.String,java.lang.String)[pri:0, instance:com.testcase.LoginPageTest@9816741]" started-at="2022-07-22T13:18:49 IST" name="multipleLoginTest" data-provider="getLoginTestData" finished-at="2022-07-22T13:18:52 IST" duration-ms="3204" status="PASS">
          <params>
            <param index="0">
              <value>
                <![CDATA[purabirout@1996gmail.com]]>
              </value>
            </param>
            <param index="1">
              <value>
                <![CDATA[purvi@123]]>
              </value>
            </param>
          </params>
          <reporter-output>
          </reporter-output>
        </test-method> <!-- multipleLoginTest -->
        <test-method is-config="true" signature="tearDown()[pri:0, instance:com.testcase.LoginPageTest@9816741]" started-at="2022-07-22T13:18:52 IST" name="tearDown" finished-at="2022-07-22T13:18:52 IST" duration-ms="146" status="PASS">
          <reporter-output>
          </reporter-output>
        </test-method> <!-- tearDown -->
        <test-method is-config="true" signature="setUp()[pri:0, instance:com.testcase.LoginPageTest@9816741]" started-at="2022-07-22T13:18:52 IST" name="setUp" finished-at="2022-07-22T13:18:54 IST" duration-ms="1739" status="PASS">
          <reporter-output>
          </reporter-output>
        </test-method> <!-- setUp -->
        <test-method signature="multipleLoginTest(java.lang.String,java.lang.String)[pri:0, instance:com.testcase.LoginPageTest@9816741]" started-at="2022-07-22T13:18:54 IST" name="multipleLoginTest" data-provider="getLoginTestData" finished-at="2022-07-22T13:18:57 IST" duration-ms="3173" status="PASS">
          <params>
            <param index="0">
              <value>
                <![CDATA[purvi@1451gmail.com]]>
              </value>
            </param>
            <param index="1">
              <value>
                <![CDATA[purvi589@]]>
              </value>
            </param>
          </params>
          <reporter-output>
          </reporter-output>
        </test-method> <!-- multipleLoginTest -->
        <test-method is-config="true" signature="tearDown()[pri:0, instance:com.testcase.LoginPageTest@9816741]" started-at="2022-07-22T13:18:57 IST" name="tearDown" finished-at="2022-07-22T13:18:57 IST" duration-ms="180" status="PASS">
          <reporter-output>
          </reporter-output>
        </test-method> <!-- tearDown -->
        <test-method is-config="true" signature="setUp()[pri:0, instance:com.testcase.LoginPageTest@9816741]" started-at="2022-07-22T13:18:57 IST" name="setUp" finished-at="2022-07-22T13:19:00 IST" duration-ms="2683" status="PASS">
          <reporter-output>
          </reporter-output>
        </test-method> <!-- setUp -->
        <test-method signature="loginPageTitleTest()[pri:1, instance:com.testcase.LoginPageTest@9816741]" started-at="2022-07-22T13:19:00 IST" name="loginPageTitleTest" finished-at="2022-07-22T13:19:00 IST" duration-ms="9" status="PASS">
          <reporter-output>
          </reporter-output>
        </test-method> <!-- loginPageTitleTest -->
        <test-method is-config="true" signature="tearDown()[pri:0, instance:com.testcase.LoginPageTest@9816741]" started-at="2022-07-22T13:19:00 IST" name="tearDown" finished-at="2022-07-22T13:19:00 IST" duration-ms="125" status="PASS">
          <reporter-output>
          </reporter-output>
        </test-method> <!-- tearDown -->
        <test-method is-config="true" signature="setUp()[pri:0, instance:com.testcase.LoginPageTest@9816741]" started-at="2022-07-22T13:19:00 IST" name="setUp" finished-at="2022-07-22T13:19:02 IST" duration-ms="1713" status="PASS">
          <reporter-output>
          </reporter-output>
        </test-method> <!-- setUp -->
        <test-method signature="faceBookLogoImageTest()[pri:2, instance:com.testcase.LoginPageTest@9816741]" started-at="2022-07-22T13:19:02 IST" name="faceBookLogoImageTest" finished-at="2022-07-22T13:19:02 IST" duration-ms="45" status="PASS">
          <reporter-output>
          </reporter-output>
        </test-method> <!-- faceBookLogoImageTest -->
        <test-method is-config="true" signature="tearDown()[pri:0, instance:com.testcase.LoginPageTest@9816741]" started-at="2022-07-22T13:19:02 IST" name="tearDown" finished-at="2022-07-22T13:19:02 IST" duration-ms="151" status="PASS">
          <reporter-output>
          </reporter-output>
        </test-method> <!-- tearDown -->
        <test-method is-config="true" signature="setUp()[pri:0, instance:com.testcase.LoginPageTest@9816741]" started-at="2022-07-22T13:19:02 IST" name="setUp" finished-at="2022-07-22T13:19:04 IST" duration-ms="1712" status="PASS">
          <reporter-output>
          </reporter-output>
        </test-method> <!-- setUp -->
        <test-method signature="loginTest()[pri:3, instance:com.testcase.LoginPageTest@9816741]" started-at="2022-07-22T13:19:04 IST" name="loginTest" finished-at="2022-07-22T13:19:04 IST" duration-ms="178" status="PASS">
          <reporter-output>
          </reporter-output>
        </test-method> <!-- loginTest -->
        <test-method is-config="true" signature="tearDown()[pri:0, instance:com.testcase.LoginPageTest@9816741]" started-at="2022-07-22T13:19:04 IST" name="tearDown" finished-at="2022-07-22T13:19:04 IST" duration-ms="117" status="PASS">
          <reporter-output>
          </reporter-output>
        </test-method> <!-- tearDown -->
      </class> <!-- com.testcase.LoginPageTest -->
      <class name="com.testcase.HomePageTest">
        <test-method is-config="true" signature="setUp()[pri:0, instance:com.testcase.HomePageTest@2bdd8394]" started-at="2022-07-22T13:19:04 IST" name="setUp" finished-at="2022-07-22T13:19:06 IST" duration-ms="1967" status="PASS">
          <reporter-output>
          </reporter-output>
        </test-method> <!-- setUp -->
        <test-method signature="HomePageTitleTest()[pri:1, instance:com.testcase.HomePageTest@2bdd8394]" started-at="2022-07-22T13:19:06 IST" name="HomePageTitleTest" finished-at="2022-07-22T13:19:15 IST" duration-ms="8574" status="PASS">
          <reporter-output>
          </reporter-output>
        </test-method> <!-- HomePageTitleTest -->
        <test-method is-config="true" signature="tearDown()[pri:0, instance:com.testcase.HomePageTest@2bdd8394]" started-at="2022-07-22T13:19:15 IST" name="tearDown" finished-at="2022-07-22T13:19:15 IST" duration-ms="195" status="PASS">
          <reporter-output>
          </reporter-output>
        </test-method> <!-- tearDown -->
        <test-method is-config="true" signature="setUp()[pri:0, instance:com.testcase.HomePageTest@2bdd8394]" started-at="2022-07-22T13:19:15 IST" name="setUp" finished-at="2022-07-22T13:19:17 IST" duration-ms="1922" status="PASS">
          <reporter-output>
          </reporter-output>
        </test-method> <!-- setUp -->
        <test-method signature="verifyUserNameTest()[pri:2, instance:com.testcase.HomePageTest@2bdd8394]" started-at="2022-07-22T13:19:17 IST" name="verifyUserNameTest" finished-at="2022-07-22T13:19:22 IST" duration-ms="5057" status="PASS">
          <reporter-output>
          </reporter-output>
        </test-method> <!-- verifyUserNameTest -->
        <test-method is-config="true" signature="tearDown()[pri:0, instance:com.testcase.HomePageTest@2bdd8394]" started-at="2022-07-22T13:19:22 IST" name="tearDown" finished-at="2022-07-22T13:19:22 IST" duration-ms="196" status="PASS">
          <reporter-output>
          </reporter-output>
        </test-method> <!-- tearDown -->
        <test-method is-config="true" signature="setUp()[pri:0, instance:com.testcase.HomePageTest@2bdd8394]" started-at="2022-07-22T13:19:22 IST" name="setUp" finished-at="2022-07-22T13:19:25 IST" duration-ms="2738" status="PASS">
          <reporter-output>
          </reporter-output>
        </test-method> <!-- setUp -->
        <test-method signature="verifyClickOnFriends()[pri:3, instance:com.testcase.HomePageTest@2bdd8394]" started-at="2022-07-22T13:19:25 IST" name="verifyClickOnFriends" finished-at="2022-07-22T13:19:32 IST" duration-ms="7358" status="PASS">
          <reporter-output>
          </reporter-output>
        </test-method> <!-- verifyClickOnFriends -->
        <test-method is-config="true" signature="tearDown()[pri:0, instance:com.testcase.HomePageTest@2bdd8394]" started-at="2022-07-22T13:19:32 IST" name="tearDown" finished-at="2022-07-22T13:19:32 IST" duration-ms="316" status="PASS">
          <reporter-output>
          </reporter-output>
        </test-method> <!-- tearDown -->
        <test-method is-config="true" signature="setUp()[pri:0, instance:com.testcase.HomePageTest@2bdd8394]" started-at="2022-07-22T13:19:32 IST" name="setUp" finished-at="2022-07-22T13:19:35 IST" duration-ms="2177" status="PASS">
          <reporter-output>
          </reporter-output>
        </test-method> <!-- setUp -->
        <test-method signature="verifyHomePage()[pri:4, instance:com.testcase.HomePageTest@2bdd8394]" started-at="2022-07-22T13:19:35 IST" name="verifyHomePage" finished-at="2022-07-22T13:19:43 IST" duration-ms="8402" status="PASS">
          <reporter-output>
          </reporter-output>
        </test-method> <!-- verifyHomePage -->
        <test-method is-config="true" signature="tearDown()[pri:0, instance:com.testcase.HomePageTest@2bdd8394]" started-at="2022-07-22T13:19:43 IST" name="tearDown" finished-at="2022-07-22T13:19:43 IST" duration-ms="169" status="PASS">
          <reporter-output>
          </reporter-output>
        </test-method> <!-- tearDown -->
        <test-method is-config="true" signature="setUp()[pri:0, instance:com.testcase.HomePageTest@2bdd8394]" started-at="2022-07-22T13:19:43 IST" name="setUp" finished-at="2022-07-22T13:19:46 IST" duration-ms="2566" status="PASS">
          <reporter-output>
          </reporter-output>
        </test-method> <!-- setUp -->
        <test-method signature="verifyClickOnLogout()[pri:5, instance:com.testcase.HomePageTest@2bdd8394]" started-at="2022-07-22T13:19:46 IST" name="verifyClickOnLogout" finished-at="2022-07-22T13:20:12 IST" duration-ms="25916" status="FAIL">
          <exception class="org.openqa.selenium.NoSuchElementException">
            <message>
              <![CDATA[no such element: Unable to locate element: {"method":"xpath","selector":"//span[contains(text(),'Log Out')]"}
  (Session info: chrome=103.0.5060.114)
For documentation on this error, please visit: https://selenium.dev/exceptions/#no_such_element
Build info: version: '4.1.4', revision: '535d840ee2'
System info: host: 'AVIJEET-DESKTOP', ip: '192.168.1.102', os.name: 'Windows 10', os.arch: 'amd64', os.version: '10.0', java.version: '17.0.1'
Driver info: org.openqa.selenium.chrome.ChromeDriver
Command: [588b1fb91231ac818499d3d66f4bd937, findElement {using=xpath, value=//span[contains(text(),'Log Out')]}]
Capabilities {acceptInsecureCerts: false, browserName: chrome, browserVersion: 103.0.5060.114, chrome: {chromedriverVersion: 103.0.5060.53 (a1711811edd7..., userDataDir: C:\Users\avije\AppData\Loca...}, goog:chromeOptions: {debuggerAddress: localhost:63696}, javascriptEnabled: true, networkConnectionEnabled: false, pageLoadStrategy: normal, platform: WINDOWS, platformName: WINDOWS, proxy: Proxy(), se:cdp: ws://localhost:63696/devtoo..., se:cdpVersion: 103.0.5060.114, setWindowRect: true, strictFileInteractability: false, timeouts: {implicit: 0, pageLoad: 300000, script: 30000}, unhandledPromptBehavior: dismiss and notify, webauthn:extension:credBlob: true, webauthn:extension:largeBlob: true, webauthn:virtualAuthenticators: true}
Session ID: 588b1fb91231ac818499d3d66f4bd937]]>
            </message>
            <full-stacktrace>
              <![CDATA[org.openqa.selenium.NoSuchElementException: no such element: Unable to locate element: {"method":"xpath","selector":"//span[contains(text(),'Log Out')]"}
  (Session info: chrome=103.0.5060.114)
For documentation on this error, please visit: https://selenium.dev/exceptions/#no_such_element
Build info: version: '4.1.4', revision: '535d840ee2'
System info: host: 'AVIJEET-DESKTOP', ip: '192.168.1.102', os.name: 'Windows 10', os.arch: 'amd64', os.version: '10.0', java.version: '17.0.1'
Driver info: org.openqa.selenium.chrome.ChromeDriver
Command: [588b1fb91231ac818499d3d66f4bd937, findElement {using=xpath, value=//span[contains(text(),'Log Out')]}]
Capabilities {acceptInsecureCerts: false, browserName: chrome, browserVersion: 103.0.5060.114, chrome: {chromedriverVersion: 103.0.5060.53 (a1711811edd7..., userDataDir: C:\Users\avije\AppData\Loca...}, goog:chromeOptions: {debuggerAddress: localhost:63696}, javascriptEnabled: true, networkConnectionEnabled: false, pageLoadStrategy: normal, platform: WINDOWS, platformName: WINDOWS, proxy: Proxy(), se:cdp: ws://localhost:63696/devtoo..., se:cdpVersion: 103.0.5060.114, setWindowRect: true, strictFileInteractability: false, timeouts: {implicit: 0, pageLoad: 300000, script: 30000}, unhandledPromptBehavior: dismiss and notify, webauthn:extension:credBlob: true, webauthn:extension:largeBlob: true, webauthn:virtualAuthenticators: true}
Session ID: 588b1fb91231ac818499d3d66f4bd937
at java.base/jdk.internal.reflect.NativeConstructorAccessorImpl.newInstance0(Native Method)
at java.base/jdk.internal.reflect.NativeConstructorAccessorImpl.newInstance(NativeConstructorAccessorImpl.java:77)
at java.base/jdk.internal.reflect.DelegatingConstructorAccessorImpl.newInstance(DelegatingConstructorAccessorImpl.java:45)
at java.base/java.lang.reflect.Constructor.newInstanceWithCaller(Constructor.java:499)
at java.base/java.lang.reflect.Constructor.newInstance(Constructor.java:480)
at org.openqa.selenium.remote.codec.w3c.W3CHttpResponseCodec.createException(W3CHttpResponseCodec.java:200)
at org.openqa.selenium.remote.codec.w3c.W3CHttpResponseCodec.decode(W3CHttpResponseCodec.java:133)
at org.openqa.selenium.remote.codec.w3c.W3CHttpResponseCodec.decode(W3CHttpResponseCodec.java:53)
at org.openqa.selenium.remote.HttpCommandExecutor.execute(HttpCommandExecutor.java:184)
at org.openqa.selenium.remote.service.DriverCommandExecutor.invokeExecute(DriverCommandExecutor.java:167)
at org.openqa.selenium.remote.service.DriverCommandExecutor.execute(DriverCommandExecutor.java:142)
at org.openqa.selenium.remote.RemoteWebDriver.execute(RemoteWebDriver.java:567)
at org.openqa.selenium.remote.ElementLocation$ElementFinder$2.findElement(ElementLocation.java:162)
at org.openqa.selenium.remote.ElementLocation.findElement(ElementLocation.java:60)
at org.openqa.selenium.remote.RemoteWebDriver.findElement(RemoteWebDriver.java:385)
at org.openqa.selenium.remote.RemoteWebDriver.findElement(RemoteWebDriver.java:377)
at jdk.internal.reflect.GeneratedMethodAccessor11.invoke(Unknown Source)
at java.base/jdk.internal.reflect.DelegatingMethodAccessorImpl.invoke(DelegatingMethodAccessorImpl.java:43)
at java.base/java.lang.reflect.Method.invoke(Method.java:568)
at org.openqa.selenium.support.events.EventFiringWebDriver.lambda$new$1(EventFiringWebDriver.java:115)
at jdk.proxy2/jdk.proxy2.$Proxy19.findElement(Unknown Source)
at org.openqa.selenium.support.events.EventFiringWebDriver.findElement(EventFiringWebDriver.java:204)
at org.openqa.selenium.support.pagefactory.DefaultElementLocator.findElement(DefaultElementLocator.java:70)
at org.openqa.selenium.support.pagefactory.internal.LocatingElementHandler.invoke(LocatingElementHandler.java:39)
at jdk.proxy2/jdk.proxy2.$Proxy23.click(Unknown Source)
at com.pages.HomePage.checkOnLogout(HomePage.java:58)
at com.testcase.HomePageTest.verifyClickOnLogout(HomePageTest.java:84)
at java.base/jdk.internal.reflect.NativeMethodAccessorImpl.invoke0(Native Method)
at java.base/jdk.internal.reflect.NativeMethodAccessorImpl.invoke(NativeMethodAccessorImpl.java:77)
at java.base/jdk.internal.reflect.DelegatingMethodAccessorImpl.invoke(DelegatingMethodAccessorImpl.java:43)
at java.base/java.lang.reflect.Method.invoke(Method.java:568)
at org.testng.internal.MethodInvocationHelper.invokeMethod(MethodInvocationHelper.java:133)
at org.testng.internal.TestInvoker.invokeMethod(TestInvoker.java:598)
at org.testng.internal.TestInvoker.invokeTestMethod(TestInvoker.java:173)
at org.testng.internal.MethodRunner.runInSequence(MethodRunner.java:46)
at org.testng.internal.TestInvoker$MethodInvocationAgent.invoke(TestInvoker.java:824)
at org.testng.internal.TestInvoker.invokeTestMethods(TestInvoker.java:146)
at org.testng.internal.TestMethodWorker.invokeTestMethods(TestMethodWorker.java:146)
at org.testng.internal.TestMethodWorker.run(TestMethodWorker.java:128)
at java.base/java.util.ArrayList.forEach(ArrayList.java:1511)
at org.testng.TestRunner.privateRun(TestRunner.java:794)
at org.testng.TestRunner.run(TestRunner.java:596)
at org.testng.SuiteRunner.runTest(SuiteRunner.java:377)
at org.testng.SuiteRunner.runSequentially(SuiteRunner.java:371)
at org.testng.SuiteRunner.privateRun(SuiteRunner.java:332)
at org.testng.SuiteRunner.run(SuiteRunner.java:276)
at org.testng.SuiteRunnerWorker.runSuite(SuiteRunnerWorker.java:53)
at org.testng.SuiteRunnerWorker.run(SuiteRunnerWorker.java:96)
at org.testng.TestNG.runSuitesSequentially(TestNG.java:1212)
at org.testng.TestNG.runSuitesLocally(TestNG.java:1134)
at org.testng.TestNG.runSuites(TestNG.java:1063)
at org.testng.TestNG.run(TestNG.java:1031)
at org.testng.remote.AbstractRemoteTestNG.run(AbstractRemoteTestNG.java:115)
at org.testng.remote.RemoteTestNG.initAndRun(RemoteTestNG.java:251)
at org.testng.remote.RemoteTestNG.main(RemoteTestNG.java:77)
]]>
            </full-stacktrace>
          </exception> <!-- org.openqa.selenium.NoSuchElementException -->
          <reporter-output>
          </reporter-output>
        </test-method> <!-- verifyClickOnLogout -->
        <test-method is-config="true" signature="tearDown()[pri:0, instance:com.testcase.HomePageTest@2bdd8394]" started-at="2022-07-22T13:20:12 IST" name="tearDown" finished-at="2022-07-22T13:20:12 IST" duration-ms="189" status="PASS">
          <reporter-output>
          </reporter-output>
        </test-method> <!-- tearDown -->
      </class> <!-- com.testcase.HomePageTest -->
      <class name="com.testcase.ProfilePageTest">
        <test-method is-config="true" signature="setUp()[pri:0, instance:com.testcase.ProfilePageTest@5f9edf14]" started-at="2022-07-22T13:20:12 IST" name="setUp" finished-at="2022-07-22T13:20:14 IST" duration-ms="1989" status="PASS">
          <reporter-output>
          </reporter-output>
        </test-method> <!-- setUp -->
        <test-method signature="click_profilePage()[pri:1, instance:com.testcase.ProfilePageTest@5f9edf14]" started-at="2022-07-22T13:20:14 IST" name="click_profilePage" finished-at="2022-07-22T13:20:19 IST" duration-ms="5450" status="PASS">
          <reporter-output>
          </reporter-output>
        </test-method> <!-- click_profilePage -->
        <test-method is-config="true" signature="tearDown()[pri:0, instance:com.testcase.ProfilePageTest@5f9edf14]" started-at="2022-07-22T13:20:19 IST" name="tearDown" finished-at="2022-07-22T13:20:20 IST" duration-ms="261" status="PASS">
          <reporter-output>
          </reporter-output>
        </test-method> <!-- tearDown -->
        <test-method is-config="true" signature="setUp()[pri:0, instance:com.testcase.ProfilePageTest@5f9edf14]" started-at="2022-07-22T13:20:20 IST" name="setUp" finished-at="2022-07-22T13:20:22 IST" duration-ms="2668" status="PASS">
          <reporter-output>
          </reporter-output>
        </test-method> <!-- setUp -->
        <test-method signature="verifyProfile()[pri:2, instance:com.testcase.ProfilePageTest@5f9edf14]" started-at="2022-07-22T13:20:22 IST" name="verifyProfile" finished-at="2022-07-22T13:20:28 IST" duration-ms="5352" status="PASS">
          <reporter-output>
          </reporter-output>
        </test-method> <!-- verifyProfile -->
        <test-method is-config="true" signature="tearDown()[pri:0, instance:com.testcase.ProfilePageTest@5f9edf14]" started-at="2022-07-22T13:20:28 IST" name="tearDown" finished-at="2022-07-22T13:20:28 IST" duration-ms="186" status="PASS">
          <reporter-output>
          </reporter-output>
        </test-method> <!-- tearDown -->
        <test-method is-config="true" signature="setUp()[pri:0, instance:com.testcase.ProfilePageTest@5f9edf14]" started-at="2022-07-22T13:20:28 IST" name="setUp" finished-at="2022-07-22T13:20:30 IST" duration-ms="2007" status="PASS">
          <reporter-output>
          </reporter-output>
        </test-method> <!-- setUp -->
        <test-method signature="click_uploadPhoto()[pri:3, instance:com.testcase.ProfilePageTest@5f9edf14]" started-at="2022-07-22T13:20:30 IST" name="click_uploadPhoto" finished-at="2022-07-22T13:21:00 IST" duration-ms="29831" status="FAIL">
          <exception class="org.openqa.selenium.NoSuchElementException">
            <message>
              <![CDATA[no such element: Unable to locate element: {"method":"xpath","selector":"//span[text()='Save']"}
  (Session info: chrome=103.0.5060.114)
For documentation on this error, please visit: https://selenium.dev/exceptions/#no_such_element
Build info: version: '4.1.4', revision: '535d840ee2'
System info: host: 'AVIJEET-DESKTOP', ip: '192.168.1.102', os.name: 'Windows 10', os.arch: 'amd64', os.version: '10.0', java.version: '17.0.1'
Driver info: org.openqa.selenium.chrome.ChromeDriver
Command: [45038b7c186b37c95a4151a1fdc122f6, findElement {using=xpath, value=//span[text()='Save']}]
Capabilities {acceptInsecureCerts: false, browserName: chrome, browserVersion: 103.0.5060.114, chrome: {chromedriverVersion: 103.0.5060.53 (a1711811edd7..., userDataDir: C:\Users\avije\AppData\Loca...}, goog:chromeOptions: {debuggerAddress: localhost:63801}, javascriptEnabled: true, networkConnectionEnabled: false, pageLoadStrategy: normal, platform: WINDOWS, platformName: WINDOWS, proxy: Proxy(), se:cdp: ws://localhost:63801/devtoo..., se:cdpVersion: 103.0.5060.114, setWindowRect: true, strictFileInteractability: false, timeouts: {implicit: 0, pageLoad: 300000, script: 30000}, unhandledPromptBehavior: dismiss and notify, webauthn:extension:credBlob: true, webauthn:extension:largeBlob: true, webauthn:virtualAuthenticators: true}
Session ID: 45038b7c186b37c95a4151a1fdc122f6]]>
            </message>
            <full-stacktrace>
              <![CDATA[org.openqa.selenium.NoSuchElementException: no such element: Unable to locate element: {"method":"xpath","selector":"//span[text()='Save']"}
  (Session info: chrome=103.0.5060.114)
For documentation on this error, please visit: https://selenium.dev/exceptions/#no_such_element
Build info: version: '4.1.4', revision: '535d840ee2'
System info: host: 'AVIJEET-DESKTOP', ip: '192.168.1.102', os.name: 'Windows 10', os.arch: 'amd64', os.version: '10.0', java.version: '17.0.1'
Driver info: org.openqa.selenium.chrome.ChromeDriver
Command: [45038b7c186b37c95a4151a1fdc122f6, findElement {using=xpath, value=//span[text()='Save']}]
Capabilities {acceptInsecureCerts: false, browserName: chrome, browserVersion: 103.0.5060.114, chrome: {chromedriverVersion: 103.0.5060.53 (a1711811edd7..., userDataDir: C:\Users\avije\AppData\Loca...}, goog:chromeOptions: {debuggerAddress: localhost:63801}, javascriptEnabled: true, networkConnectionEnabled: false, pageLoadStrategy: normal, platform: WINDOWS, platformName: WINDOWS, proxy: Proxy(), se:cdp: ws://localhost:63801/devtoo..., se:cdpVersion: 103.0.5060.114, setWindowRect: true, strictFileInteractability: false, timeouts: {implicit: 0, pageLoad: 300000, script: 30000}, unhandledPromptBehavior: dismiss and notify, webauthn:extension:credBlob: true, webauthn:extension:largeBlob: true, webauthn:virtualAuthenticators: true}
Session ID: 45038b7c186b37c95a4151a1fdc122f6
at java.base/jdk.internal.reflect.NativeConstructorAccessorImpl.newInstance0(Native Method)
at java.base/jdk.internal.reflect.NativeConstructorAccessorImpl.newInstance(NativeConstructorAccessorImpl.java:77)
at java.base/jdk.internal.reflect.DelegatingConstructorAccessorImpl.newInstance(DelegatingConstructorAccessorImpl.java:45)
at java.base/java.lang.reflect.Constructor.newInstanceWithCaller(Constructor.java:499)
at java.base/java.lang.reflect.Constructor.newInstance(Constructor.java:480)
at org.openqa.selenium.remote.codec.w3c.W3CHttpResponseCodec.createException(W3CHttpResponseCodec.java:200)
at org.openqa.selenium.remote.codec.w3c.W3CHttpResponseCodec.decode(W3CHttpResponseCodec.java:133)
at org.openqa.selenium.remote.codec.w3c.W3CHttpResponseCodec.decode(W3CHttpResponseCodec.java:53)
at org.openqa.selenium.remote.HttpCommandExecutor.execute(HttpCommandExecutor.java:184)
at org.openqa.selenium.remote.service.DriverCommandExecutor.invokeExecute(DriverCommandExecutor.java:167)
at org.openqa.selenium.remote.service.DriverCommandExecutor.execute(DriverCommandExecutor.java:142)
at org.openqa.selenium.remote.RemoteWebDriver.execute(RemoteWebDriver.java:567)
at org.openqa.selenium.remote.ElementLocation$ElementFinder$2.findElement(ElementLocation.java:162)
at org.openqa.selenium.remote.ElementLocation.findElement(ElementLocation.java:60)
at org.openqa.selenium.remote.RemoteWebDriver.findElement(RemoteWebDriver.java:385)
at org.openqa.selenium.remote.RemoteWebDriver.findElement(RemoteWebDriver.java:377)
at jdk.internal.reflect.GeneratedMethodAccessor11.invoke(Unknown Source)
at java.base/jdk.internal.reflect.DelegatingMethodAccessorImpl.invoke(DelegatingMethodAccessorImpl.java:43)
at java.base/java.lang.reflect.Method.invoke(Method.java:568)
at org.openqa.selenium.support.events.EventFiringWebDriver.lambda$new$1(EventFiringWebDriver.java:115)
at jdk.proxy2/jdk.proxy2.$Proxy19.findElement(Unknown Source)
at org.openqa.selenium.support.events.EventFiringWebDriver.findElement(EventFiringWebDriver.java:204)
at org.openqa.selenium.support.pagefactory.DefaultElementLocator.findElement(DefaultElementLocator.java:70)
at org.openqa.selenium.support.pagefactory.internal.LocatingElementHandler.invoke(LocatingElementHandler.java:39)
at jdk.proxy2/jdk.proxy2.$Proxy23.click(Unknown Source)
at com.pages.ProfilePage.click_photoUpload(ProfilePage.java:61)
at com.testcase.ProfilePageTest.click_uploadPhoto(ProfilePageTest.java:50)
at java.base/jdk.internal.reflect.NativeMethodAccessorImpl.invoke0(Native Method)
at java.base/jdk.internal.reflect.NativeMethodAccessorImpl.invoke(NativeMethodAccessorImpl.java:77)
at java.base/jdk.internal.reflect.DelegatingMethodAccessorImpl.invoke(DelegatingMethodAccessorImpl.java:43)
at java.base/java.lang.reflect.Method.invoke(Method.java:568)
at org.testng.internal.MethodInvocationHelper.invokeMethod(MethodInvocationHelper.java:133)
at org.testng.internal.TestInvoker.invokeMethod(TestInvoker.java:598)
at org.testng.internal.TestInvoker.invokeTestMethod(TestInvoker.java:173)
at org.testng.internal.MethodRunner.runInSequence(MethodRunner.java:46)
at org.testng.internal.TestInvoker$MethodInvocationAgent.invoke(TestInvoker.java:824)
at org.testng.internal.TestInvoker.invokeTestMethods(TestInvoker.java:146)
at org.testng.internal.TestMethodWorker.invokeTestMethods(TestMethodWorker.java:146)
at org.testng.internal.TestMethodWorker.run(TestMethodWorker.java:128)
at java.base/java.util.ArrayList.forEach(ArrayList.java:1511)
at org.testng.TestRunner.privateRun(TestRunner.java:794)
at org.testng.TestRunner.run(TestRunner.java:596)
at org.testng.SuiteRunner.runTest(SuiteRunner.java:377)
at org.testng.SuiteRunner.runSequentially(SuiteRunner.java:371)
at org.testng.SuiteRunner.privateRun(SuiteRunner.java:332)
at org.testng.SuiteRunner.run(SuiteRunner.java:276)
at org.testng.SuiteRunnerWorker.runSuite(SuiteRunnerWorker.java:53)
at org.testng.SuiteRunnerWorker.run(SuiteRunnerWorker.java:96)
at org.testng.TestNG.runSuitesSequentially(TestNG.java:1212)
at org.testng.TestNG.runSuitesLocally(TestNG.java:1134)
at org.testng.TestNG.runSuites(TestNG.java:1063)
at org.testng.TestNG.run(TestNG.java:1031)
at org.testng.remote.AbstractRemoteTestNG.run(AbstractRemoteTestNG.java:115)
at org.testng.remote.RemoteTestNG.initAndRun(RemoteTestNG.java:251)
at org.testng.remote.RemoteTestNG.main(RemoteTestNG.java:77)
]]>
            </full-stacktrace>
          </exception> <!-- org.openqa.selenium.NoSuchElementException -->
          <reporter-output>
          </reporter-output>
        </test-method> <!-- click_uploadPhoto -->
        <test-method is-config="true" signature="tearDown()[pri:0, instance:com.testcase.ProfilePageTest@5f9edf14]" started-at="2022-07-22T13:21:00 IST" name="tearDown" finished-at="2022-07-22T13:21:00 IST" duration-ms="187" status="PASS">
          <reporter-output>
          </reporter-output>
        </test-method> <!-- tearDown -->
      </class> <!-- com.testcase.ProfilePageTest -->
      <class name="com.testcase.SignUpPageTest">
        <test-method is-config="true" signature="setUp()[pri:0, instance:com.testcase.SignUpPageTest@2f01783a]" started-at="2022-07-22T13:22:08 IST" name="setUp" finished-at="2022-07-22T13:22:10 IST" duration-ms="1811" status="PASS">
          <reporter-output>
          </reporter-output>
        </test-method> <!-- setUp -->
        <test-method signature="signUpPageTitleTest()[pri:1, instance:com.testcase.SignUpPageTest@2f01783a]" started-at="2022-07-22T13:22:10 IST" name="signUpPageTitleTest" finished-at="2022-07-22T13:22:10 IST" duration-ms="7" status="PASS">
          <reporter-output>
          </reporter-output>
        </test-method> <!-- signUpPageTitleTest -->
        <test-method is-config="true" signature="tearDown()[pri:0, instance:com.testcase.SignUpPageTest@2f01783a]" started-at="2022-07-22T13:22:10 IST" name="tearDown" finished-at="2022-07-22T13:22:10 IST" duration-ms="128" status="PASS">
          <reporter-output>
          </reporter-output>
        </test-method> <!-- tearDown -->
        <test-method is-config="true" signature="setUp()[pri:0, instance:com.testcase.SignUpPageTest@2f01783a]" started-at="2022-07-22T13:22:10 IST" name="setUp" finished-at="2022-07-22T13:22:13 IST" duration-ms="2591" status="PASS">
          <reporter-output>
          </reporter-output>
        </test-method> <!-- setUp -->
        <test-method signature="SignUpTest()[pri:2, instance:com.testcase.SignUpPageTest@2f01783a]" started-at="2022-07-22T13:22:13 IST" name="SignUpTest" finished-at="2022-07-22T13:22:15 IST" duration-ms="1748" status="PASS">
          <reporter-output>
          </reporter-output>
        </test-method> <!-- SignUpTest -->
        <test-method is-config="true" signature="tearDown()[pri:0, instance:com.testcase.SignUpPageTest@2f01783a]" started-at="2022-07-22T13:22:15 IST" name="tearDown" finished-at="2022-07-22T13:22:15 IST" duration-ms="120" status="PASS">
          <reporter-output>
          </reporter-output>
        </test-method> <!-- tearDown -->
      </class> <!-- com.testcase.SignUpPageTest -->
    </test> <!-- Facebook App Test Cases -->
  </suite> <!-- Facebook Application Test Automation Test Suite -->
</testng-results>
